This is pdfTeX, Version 3.141592653-2.6-1.40.26 (TeX Live 2024) (preloaded format=pdflatex 2024.5.4)  4 MAY 2024 20:50
entering extended mode
 \write18 enabled.
 file:line:error style messages enabled.
 %&-line parsing enabled.
**/Users/0xbalazstoth/Desktop/Egyetem/_Szenzormodalitasok/szenzormodalitasok.tex
(/Users/0xbalazstoth/Desktop/Egyetem/_Szenzormodalitasok/szenzormodalitasok.tex
LaTeX2e <2023-11-01> patch level 1
L3 programming layer <2024-02-20>
(/usr/local/texlive/2024/texmf-dist/tex/latex/base/article.cls
Document Class: article 2023/05/17 v1.4n Standard LaTeX document class
(/usr/local/texlive/2024/texmf-dist/tex/latex/base/size12.clo
File: size12.clo 2023/05/17 v1.4n Standard LaTeX file (size option)
)
\c@part=\count188
\c@section=\count189
\c@subsection=\count190
\c@subsubsection=\count191
\c@paragraph=\count192
\c@subparagraph=\count193
\c@figure=\count194
\c@table=\count195
\abovecaptionskip=\skip48
\belowcaptionskip=\skip49
\bibindent=\dimen140
) (/usr/local/texlive/2024/texmf-dist/tex/latex/listings/listings.sty (/usr/local/texlive/2024/texmf-dist/tex/latex/graphics/keyval.sty
Package: keyval 2022/05/29 v1.15 key=value parser (DPC)
\KV@toks@=\toks17
)
\lst@mode=\count196
\lst@gtempboxa=\box51
\lst@token=\toks18
\lst@length=\count197
\lst@currlwidth=\dimen141
\lst@column=\count198
\lst@pos=\count199
\lst@lostspace=\dimen142
\lst@width=\dimen143
\lst@newlines=\count266
\lst@lineno=\count267
\lst@maxwidth=\dimen144
 (/usr/local/texlive/2024/texmf-dist/tex/latex/listings/lstpatch.sty
File: lstpatch.sty 2024/02/21 1.10 (Carsten Heinz)
) (/usr/local/texlive/2024/texmf-dist/tex/latex/listings/lstmisc.sty
File: lstmisc.sty 2024/02/21 1.10 (Carsten Heinz)
\c@lstnumber=\count268
\lst@skipnumbers=\count269
\lst@framebox=\box52
) (/usr/local/texlive/2024/texmf-dist/tex/latex/listings/listings.cfg
File: listings.cfg 2024/02/21 1.10 listings configuration
))
Package: listings 2024/02/21 1.10 (Carsten Heinz)
 (/usr/local/texlive/2024/texmf-dist/tex/latex/tools/array.sty
Package: array 2023/10/16 v2.5g Tabular extension package (FMi)
\col@sep=\dimen145
\ar@mcellbox=\box53
\extrarowheight=\dimen146
\NC@list=\toks19
\extratabsurround=\skip50
\backup@length=\skip51
\ar@cellbox=\box54
) (/usr/local/texlive/2024/texmf-dist/tex/latex/booktabs/booktabs.sty
Package: booktabs 2020/01/12 v1.61803398 Publication quality tables
\heavyrulewidth=\dimen147
\lightrulewidth=\dimen148
\cmidrulewidth=\dimen149
\belowrulesep=\dimen150
\belowbottomsep=\dimen151
\aboverulesep=\dimen152
\abovetopsep=\dimen153
\cmidrulesep=\dimen154
\cmidrulekern=\dimen155
\defaultaddspace=\dimen156
\@cmidla=\count270
\@cmidlb=\count271
\@aboverulesep=\dimen157
\@belowrulesep=\dimen158
\@thisruleclass=\count272
\@lastruleclass=\count273
\@thisrulewidth=\dimen159
) (/usr/local/texlive/2024/texmf-dist/tex/latex/inconsolata/inconsolata.sty
Package: inconsolata 2019/05/17 v1.12
 `inconsolata-zi4' v1.12, 2019/05/17 Text macros for Inconsolata (msharpe) (/usr/local/texlive/2024/texmf-dist/tex/latex/base/textcomp.sty
Package: textcomp 2020/02/02 v2.0n Standard LaTeX package
) (/usr/local/texlive/2024/texmf-dist/tex/latex/xkeyval/xkeyval.sty
Package: xkeyval 2022/06/16 v2.9 package option processing (HA)
 (/usr/local/texlive/2024/texmf-dist/tex/generic/xkeyval/xkeyval.tex (/usr/local/texlive/2024/texmf-dist/tex/generic/xkeyval/xkvutils.tex
\XKV@toks=\toks20
\XKV@tempa@toks=\toks21
)
\XKV@depth=\count274
File: xkeyval.tex 2014/12/03 v2.7a key=value parser (HA)
))
\zifour@ocount=\count275
) (/usr/local/texlive/2024/texmf-dist/tex/latex/graphics/color.sty
Package: color 2022/01/06 v1.3d Standard LaTeX Color (DPC)
 (/usr/local/texlive/2024/texmf-dist/tex/latex/graphics-cfg/color.cfg
File: color.cfg 2016/01/02 v1.6 sample color configuration
)
Package color Info: Driver file: pdftex.def on input line 149.
 (/usr/local/texlive/2024/texmf-dist/tex/latex/graphics-def/pdftex.def
File: pdftex.def 2022/09/22 v1.2b Graphics/color driver for pdftex
) (/usr/local/texlive/2024/texmf-dist/tex/latex/graphics/mathcolor.ltx)) (/usr/local/texlive/2024/texmf-dist/tex/latex/matlab-prettifier/matlab-prettifier.sty
Package: matlab-prettifier 2014/06/19 v0.3 A package for prettyprinting Matlab source code
 (/usr/local/texlive/2024/texmf-dist/tex/latex/xcolor/xcolor.sty
Package: xcolor 2023/11/15 v3.01 LaTeX color extensions (UK)
 (/usr/local/texlive/2024/texmf-dist/tex/latex/graphics-cfg/color.cfg
File: color.cfg 2016/01/02 v1.6 sample color configuration
)
Package xcolor Info: Driver file: pdftex.def on input line 274.
LaTeX Info: Redefining \color on input line 758.
 (/usr/local/texlive/2024/texmf-dist/tex/latex/graphics/mathcolor.ltx)
Package xcolor Info: Model `cmy' substituted by `cmy0' on input line 1350.
Package xcolor Info: Model `hsb' substituted by `rgb' on input line 1354.
Package xcolor Info: Model `RGB' extended on input line 1366.
Package xcolor Info: Model `HTML' substituted by `rgb' on input line 1368.
Package xcolor Info: Model `Hsb' substituted by `hsb' on input line 1369.
Package xcolor Info: Model `tHsb' substituted by `hsb' on input line 1370.
Package xcolor Info: Model `HSB' substituted by `hsb' on input line 1371.
Package xcolor Info: Model `Gray' substituted by `gray' on input line 1372.
Package xcolor Info: Model `wave' substituted by `hsb' on input line 1373.
)
\netBracketCount@mlpr=\count276
\blkLvl@mlpr=\count277
\blkLvlAtClassdef@mlpr=\count278
\emHeight@mlpr=\skip52
\jayDepth@mlpr=\skip53
\sectionRuleOffset@mlpr=\skip54
\toks@mlpr=\toks22
) (/usr/local/texlive/2024/texmf-dist/tex/latex/amsmath/amsmath.sty
Package: amsmath 2023/05/13 v2.17o AMS math features
\@mathmargin=\skip55

For additional information on amsmath, use the `?' option.
(/usr/local/texlive/2024/texmf-dist/tex/latex/amsmath/amstext.sty
Package: amstext 2021/08/26 v2.01 AMS text
 (/usr/local/texlive/2024/texmf-dist/tex/latex/amsmath/amsgen.sty
File: amsgen.sty 1999/11/30 v2.0 generic functions
\@emptytoks=\toks23
\ex@=\dimen160
)) (/usr/local/texlive/2024/texmf-dist/tex/latex/amsmath/amsbsy.sty
Package: amsbsy 1999/11/29 v1.2d Bold Symbols
\pmbraise@=\dimen161
) (/usr/local/texlive/2024/texmf-dist/tex/latex/amsmath/amsopn.sty
Package: amsopn 2022/04/08 v2.04 operator names
)
\inf@bad=\count279
LaTeX Info: Redefining \frac on input line 234.
\uproot@=\count280
\leftroot@=\count281
LaTeX Info: Redefining \overline on input line 399.
LaTeX Info: Redefining \colon on input line 410.
\classnum@=\count282
\DOTSCASE@=\count283
LaTeX Info: Redefining \ldots on input line 496.
LaTeX Info: Redefining \dots on input line 499.
LaTeX Info: Redefining \cdots on input line 620.
\Mathstrutbox@=\box55
\strutbox@=\box56
LaTeX Info: Redefining \big on input line 722.
LaTeX Info: Redefining \Big on input line 723.
LaTeX Info: Redefining \bigg on input line 724.
LaTeX Info: Redefining \Bigg on input line 725.
\big@size=\dimen162
LaTeX Font Info:    Redeclaring font encoding OML on input line 743.
LaTeX Font Info:    Redeclaring font encoding OMS on input line 744.
\macc@depth=\count284
LaTeX Info: Redefining \bmod on input line 905.
LaTeX Info: Redefining \pmod on input line 910.
LaTeX Info: Redefining \smash on input line 940.
LaTeX Info: Redefining \relbar on input line 970.
LaTeX Info: Redefining \Relbar on input line 971.
\c@MaxMatrixCols=\count285
\dotsspace@=\muskip16
\c@parentequation=\count286
\dspbrk@lvl=\count287
\tag@help=\toks24
\row@=\count288
\column@=\count289
\maxfields@=\count290
\andhelp@=\toks25
\eqnshift@=\dimen163
\alignsep@=\dimen164
\tagshift@=\dimen165
\tagwidth@=\dimen166
\totwidth@=\dimen167
\lineht@=\dimen168
\@envbody=\toks26
\multlinegap=\skip56
\multlinetaggap=\skip57
\mathdisplay@stack=\toks27
LaTeX Info: Redefining \[ on input line 2953.
LaTeX Info: Redefining \] on input line 2954.
) (/usr/local/texlive/2024/texmf-dist/tex/latex/base/inputenc.sty
Package: inputenc 2021/02/14 v1.3d Input encoding file
\inpenc@prehook=\toks28
\inpenc@posthook=\toks29
) (/usr/local/texlive/2024/texmf-dist/tex/latex/base/fontenc.sty
Package: fontenc 2021/04/29 v2.0v Standard LaTeX package
) (/usr/local/texlive/2024/texmf-dist/tex/latex/lm/lmodern.sty
Package: lmodern 2015/05/01 v1.6.1 Latin Modern Fonts
LaTeX Font Info:    Overwriting symbol font `operators' in version `normal'
(Font)                  OT1/cmr/m/n --> OT1/lmr/m/n on input line 22.
LaTeX Font Info:    Overwriting symbol font `letters' in version `normal'
(Font)                  OML/cmm/m/it --> OML/lmm/m/it on input line 23.
LaTeX Font Info:    Overwriting symbol font `symbols' in version `normal'
(Font)                  OMS/cmsy/m/n --> OMS/lmsy/m/n on input line 24.
LaTeX Font Info:    Overwriting symbol font `largesymbols' in version `normal'
(Font)                  OMX/cmex/m/n --> OMX/lmex/m/n on input line 25.
LaTeX Font Info:    Overwriting symbol font `operators' in version `bold'
(Font)                  OT1/cmr/bx/n --> OT1/lmr/bx/n on input line 26.
LaTeX Font Info:    Overwriting symbol font `letters' in version `bold'
(Font)                  OML/cmm/b/it --> OML/lmm/b/it on input line 27.
LaTeX Font Info:    Overwriting symbol font `symbols' in version `bold'
(Font)                  OMS/cmsy/b/n --> OMS/lmsy/b/n on input line 28.
LaTeX Font Info:    Overwriting symbol font `largesymbols' in version `bold'
(Font)                  OMX/cmex/m/n --> OMX/lmex/m/n on input line 29.
LaTeX Font Info:    Overwriting math alphabet `\mathbf' in version `normal'
(Font)                  OT1/cmr/bx/n --> OT1/lmr/bx/n on input line 31.
LaTeX Font Info:    Overwriting math alphabet `\mathsf' in version `normal'
(Font)                  OT1/cmss/m/n --> OT1/lmss/m/n on input line 32.
LaTeX Font Info:    Overwriting math alphabet `\mathit' in version `normal'
(Font)                  OT1/cmr/m/it --> OT1/lmr/m/it on input line 33.
LaTeX Font Info:    Overwriting math alphabet `\mathtt' in version `normal'
(Font)                  OT1/cmtt/m/n --> OT1/lmtt/m/n on input line 34.
LaTeX Font Info:    Overwriting math alphabet `\mathbf' in version `bold'
(Font)                  OT1/cmr/bx/n --> OT1/lmr/bx/n on input line 35.
LaTeX Font Info:    Overwriting math alphabet `\mathsf' in version `bold'
(Font)                  OT1/cmss/bx/n --> OT1/lmss/bx/n on input line 36.
LaTeX Font Info:    Overwriting math alphabet `\mathit' in version `bold'
(Font)                  OT1/cmr/bx/it --> OT1/lmr/bx/it on input line 37.
LaTeX Font Info:    Overwriting math alphabet `\mathtt' in version `bold'
(Font)                  OT1/cmtt/m/n --> OT1/lmtt/m/n on input line 38.
) (/usr/local/texlive/2024/texmf-dist/tex/latex/minted/minted.sty
Package: minted 2023/12/18 v2.9 Yet another Pygments shim for LaTeX
 (/usr/local/texlive/2024/texmf-dist/tex/latex/kvoptions/kvoptions.sty
Package: kvoptions 2022-06-15 v3.15 Key value format for package options (HO)
 (/usr/local/texlive/2024/texmf-dist/tex/generic/ltxcmds/ltxcmds.sty
Package: ltxcmds 2023-12-04 v1.26 LaTeX kernel commands for general use (HO)
) (/usr/local/texlive/2024/texmf-dist/tex/latex/kvsetkeys/kvsetkeys.sty
Package: kvsetkeys 2022-10-05 v1.19 Key value parser (HO)
)) (/usr/local/texlive/2024/texmf-dist/tex/latex/fvextra/fvextra.sty
Package: fvextra 2023/11/28 v1.6.1 fvextra - extensions and patches for fancyvrb
 (/usr/local/texlive/2024/texmf-dist/tex/latex/etoolbox/etoolbox.sty
Package: etoolbox 2020/10/05 v2.5k e-TeX tools for LaTeX (JAW)
\etb@tempcnta=\count291
) (/usr/local/texlive/2024/texmf-dist/tex/latex/fancyvrb/fancyvrb.sty
Package: fancyvrb 2024/01/20 4.5c verbatim text (tvz,hv)
\FV@CodeLineNo=\count292
\FV@InFile=\read2
\FV@TabBox=\box57
\c@FancyVerbLine=\count293
\FV@StepNumber=\count294
\FV@OutFile=\write3
) (/usr/local/texlive/2024/texmf-dist/tex/latex/upquote/upquote.sty
Package: upquote 2012/04/19 v1.3 upright-quote and grave-accent glyphs in verbatim
) (/usr/local/texlive/2024/texmf-dist/tex/latex/lineno/lineno.sty
Package: lineno 2023/05/20 line numbers on paragraphs v5.3
\linenopenalty=\count295
\output=\toks30
\linenoprevgraf=\count296
\linenumbersep=\dimen169
\linenumberwidth=\dimen170
\c@linenumber=\count297
\c@pagewiselinenumber=\count298
\c@LN@truepage=\count299
\c@internallinenumber=\count300
\c@internallinenumbers=\count301
\quotelinenumbersep=\dimen171
\bframerule=\dimen172
\bframesep=\dimen173
\bframebox=\box58
\linenoamsmath@ams@eqpen=\count302
LaTeX Info: Redefining \\ on input line 3180.
)
\c@FancyVerbWriteLine=\count303
\c@FancyVerbBufferIndex=\count304
\c@FancyVerbBufferLength=\count305
\c@FancyVerbBufferLine=\count306
\c@FV@oldbufferlength=\count307
\c@FV@TrueTabGroupLevel=\count308
\c@FV@TrueTabCounter=\count309
\FV@TabBox@Group=\box59
\FV@TmpLength=\skip58
\c@FV@HighlightLinesStart=\count310
\c@FV@HighlightLinesStop=\count311
\FV@LoopCount=\count312
\FV@NCharsBox=\box60
\FV@BreakIndent=\dimen174
\FV@BreakIndentNChars=\count313
\FV@BreakSymbolSepLeft=\dimen175
\FV@BreakSymbolSepLeftNChars=\count314
\FV@BreakSymbolSepRight=\dimen176
\FV@BreakSymbolSepRightNChars=\count315
\FV@BreakSymbolIndentLeft=\dimen177
\FV@BreakSymbolIndentLeftNChars=\count316
\FV@BreakSymbolIndentRight=\dimen178
\FV@BreakSymbolIndentRightNChars=\count317
\c@FancyVerbLineBreakLast=\count318
\FV@LineBox=\box61
\FV@LineIndentBox=\box62
\c@FV@BreakBufferDepth=\count319
\FV@LineWidth=\dimen179
) (/usr/local/texlive/2024/texmf-dist/tex/latex/base/ifthen.sty
Package: ifthen 2022/04/13 v1.1d Standard LaTeX ifthen package (DPC)
) (/usr/local/texlive/2024/texmf-dist/tex/latex/tools/shellesc.sty
Package: shellesc 2023/07/08 v1.0d unified shell escape interface for LaTeX
Package shellesc Info: Unrestricted shell escape enabled on input line 75.
) (/usr/local/texlive/2024/texmf-dist/tex/latex/ifplatform/ifplatform.sty
Package: ifplatform 2017/10/13 v0.4a Testing for the operating system
 (/usr/local/texlive/2024/texmf-dist/tex/generic/pdftexcmds/pdftexcmds.sty
Package: pdftexcmds 2020-06-27 v0.33 Utility functions of pdfTeX for LuaTeX (HO)
 (/usr/local/texlive/2024/texmf-dist/tex/generic/infwarerr/infwarerr.sty
Package: infwarerr 2019/12/03 v1.5 Providing info/warning/error messages (HO)
) (/usr/local/texlive/2024/texmf-dist/tex/generic/iftex/iftex.sty
Package: iftex 2022/02/03 v1.0f TeX engine tests
)
Package pdftexcmds Info: \pdf@primitive is available.
Package pdftexcmds Info: \pdf@ifprimitive is available.
Package pdftexcmds Info: \pdfdraftmode found.
) (/usr/local/texlive/2024/texmf-dist/tex/generic/catchfile/catchfile.sty
Package: catchfile 2019/12/09 v1.8 Catch the contents of a file (HO)
 (/usr/local/texlive/2024/texmf-dist/tex/generic/etexcmds/etexcmds.sty
Package: etexcmds 2019/12/15 v1.7 Avoid name clashes with e-TeX commands (HO)
)) (/usr/local/texlive/2024/texmf-dist/tex/generic/iftex/ifluatex.sty
Package: ifluatex 2019/10/25 v1.5 ifluatex legacy package. Use iftex instead.
)
runsystem(uname -s > "szenzormodalitasok.w18")...executed.

 (./szenzormodalitasok.w18)
runsystem(rm -- "szenzormodalitasok.w18")...executed.

) (/usr/local/texlive/2024/texmf-dist/tex/generic/xstring/xstring.sty (/usr/local/texlive/2024/texmf-dist/tex/generic/xstring/xstring.tex
\xs_counta=\count320
\xs_countb=\count321
)
Package: xstring 2023/08/22 v1.86 String manipulations (CT)
) (/usr/local/texlive/2024/texmf-dist/tex/latex/framed/framed.sty
Package: framed 2011/10/22 v 0.96: framed or shaded text with page breaks
\OuterFrameSep=\skip59
\fb@frw=\dimen180
\fb@frh=\dimen181
\FrameRule=\dimen182
\FrameSep=\dimen183
) (/usr/local/texlive/2024/texmf-dist/tex/latex/float/float.sty
Package: float 2001/11/08 v1.3d Float enhancements (AL)
\c@float@type=\count322
\float@exts=\toks31
\float@box=\box63
\@float@everytoks=\toks32
\@floatcapt=\box64
)
\minted@appexistsfile=\read3
\minted@bgbox=\box65
\minted@code=\write4
\c@minted@FancyVerbLineTemp=\count323
\c@minted@pygmentizecounter=\count324
\@float@every@listing=\toks33
\c@listing=\count325
)
runsystem(mkdir -p _minted-szenzormodalitasok)...executed.

 (/usr/local/texlive/2024/texmf-dist/tex/latex/graphics/graphicx.sty
Package: graphicx 2021/09/16 v1.2d Enhanced LaTeX Graphics (DPC,SPQR)
 (/usr/local/texlive/2024/texmf-dist/tex/latex/graphics/graphics.sty
Package: graphics 2022/03/10 v1.4e Standard LaTeX Graphics (DPC,SPQR)
 (/usr/local/texlive/2024/texmf-dist/tex/latex/graphics/trig.sty
Package: trig 2021/08/11 v1.11 sin cos tan (DPC)
) (/usr/local/texlive/2024/texmf-dist/tex/latex/graphics-cfg/graphics.cfg
File: graphics.cfg 2016/06/04 v1.11 sample graphics configuration
)
Package graphics Info: Driver file: pdftex.def on input line 107.
)
\Gin@req@height=\dimen184
\Gin@req@width=\dimen185
) (/usr/local/texlive/2024/texmf-dist/tex/latex/tools/tabularx.sty
Package: tabularx 2023/07/08 v2.11c `tabularx' package (DPC)
\TX@col@width=\dimen186
\TX@old@table=\dimen187
\TX@old@col=\dimen188
\TX@target=\dimen189
\TX@delta=\dimen190
\TX@cols=\count326
\TX@ftn=\toks34
) (/usr/local/texlive/2024/texmf-dist/tex/latex/pgf/frontendlayer/tikz.sty (/usr/local/texlive/2024/texmf-dist/tex/latex/pgf/basiclayer/pgf.sty (/usr/local/texlive/2024/texmf-dist/tex/latex/pgf/utilities/pgfrcs.sty (/usr/local/texlive/2024/texmf-dist/tex/generic/pgf/utilities/pgfutil-common.tex
\pgfutil@everybye=\toks35
\pgfutil@tempdima=\dimen191
\pgfutil@tempdimb=\dimen192
) (/usr/local/texlive/2024/texmf-dist/tex/generic/pgf/utilities/pgfutil-latex.def
\pgfutil@abb=\box66
) (/usr/local/texlive/2024/texmf-dist/tex/generic/pgf/utilities/pgfrcs.code.tex (/usr/local/texlive/2024/texmf-dist/tex/generic/pgf/pgf.revision.tex)
Package: pgfrcs 2023-01-15 v3.1.10 (3.1.10)
))
Package: pgf 2023-01-15 v3.1.10 (3.1.10)
 (/usr/local/texlive/2024/texmf-dist/tex/latex/pgf/basiclayer/pgfcore.sty (/usr/local/texlive/2024/texmf-dist/tex/latex/pgf/systemlayer/pgfsys.sty (/usr/local/texlive/2024/texmf-dist/tex/generic/pgf/systemlayer/pgfsys.code.tex
Package: pgfsys 2023-01-15 v3.1.10 (3.1.10)
 (/usr/local/texlive/2024/texmf-dist/tex/generic/pgf/utilities/pgfkeys.code.tex
\pgfkeys@pathtoks=\toks36
\pgfkeys@temptoks=\toks37
 (/usr/local/texlive/2024/texmf-dist/tex/generic/pgf/utilities/pgfkeyslibraryfiltered.code.tex
\pgfkeys@tmptoks=\toks38
))
\pgf@x=\dimen193
\pgf@y=\dimen194
\pgf@xa=\dimen195
\pgf@ya=\dimen196
\pgf@xb=\dimen197
\pgf@yb=\dimen198
\pgf@xc=\dimen199
\pgf@yc=\dimen256
\pgf@xd=\dimen257
\pgf@yd=\dimen258
\w@pgf@writea=\write5
\r@pgf@reada=\read4
\c@pgf@counta=\count327
\c@pgf@countb=\count328
\c@pgf@countc=\count329
\c@pgf@countd=\count330
\t@pgf@toka=\toks39
\t@pgf@tokb=\toks40
\t@pgf@tokc=\toks41
\pgf@sys@id@count=\count331
 (/usr/local/texlive/2024/texmf-dist/tex/generic/pgf/systemlayer/pgf.cfg
File: pgf.cfg 2023-01-15 v3.1.10 (3.1.10)
)
Driver file for pgf: pgfsys-pdftex.def
 (/usr/local/texlive/2024/texmf-dist/tex/generic/pgf/systemlayer/pgfsys-pdftex.def
File: pgfsys-pdftex.def 2023-01-15 v3.1.10 (3.1.10)
 (/usr/local/texlive/2024/texmf-dist/tex/generic/pgf/systemlayer/pgfsys-common-pdf.def
File: pgfsys-common-pdf.def 2023-01-15 v3.1.10 (3.1.10)
))) (/usr/local/texlive/2024/texmf-dist/tex/generic/pgf/systemlayer/pgfsyssoftpath.code.tex
File: pgfsyssoftpath.code.tex 2023-01-15 v3.1.10 (3.1.10)
\pgfsyssoftpath@smallbuffer@items=\count332
\pgfsyssoftpath@bigbuffer@items=\count333
) (/usr/local/texlive/2024/texmf-dist/tex/generic/pgf/systemlayer/pgfsysprotocol.code.tex
File: pgfsysprotocol.code.tex 2023-01-15 v3.1.10 (3.1.10)
)) (/usr/local/texlive/2024/texmf-dist/tex/generic/pgf/basiclayer/pgfcore.code.tex
Package: pgfcore 2023-01-15 v3.1.10 (3.1.10)
 (/usr/local/texlive/2024/texmf-dist/tex/generic/pgf/math/pgfmath.code.tex (/usr/local/texlive/2024/texmf-dist/tex/generic/pgf/math/pgfmathutil.code.tex) (/usr/local/texlive/2024/texmf-dist/tex/generic/pgf/math/pgfmathparser.code.tex
\pgfmath@dimen=\dimen259
\pgfmath@count=\count334
\pgfmath@box=\box67
\pgfmath@toks=\toks42
\pgfmath@stack@operand=\toks43
\pgfmath@stack@operation=\toks44
) (/usr/local/texlive/2024/texmf-dist/tex/generic/pgf/math/pgfmathfunctions.code.tex) (/usr/local/texlive/2024/texmf-dist/tex/generic/pgf/math/pgfmathfunctions.basic.code.tex) (/usr/local/texlive/2024/texmf-dist/tex/generic/pgf/math/pgfmathfunctions.trigonometric.code.tex) (/usr/local/texlive/2024/texmf-dist/tex/generic/pgf/math/pgfmathfunctions.random.code.tex) (/usr/local/texlive/2024/texmf-dist/tex/generic/pgf/math/pgfmathfunctions.comparison.code.tex) (/usr/local/texlive/2024/texmf-dist/tex/generic/pgf/math/pgfmathfunctions.base.code.tex) (/usr/local/texlive/2024/texmf-dist/tex/generic/pgf/math/pgfmathfunctions.round.code.tex) (/usr/local/texlive/2024/texmf-dist/tex/generic/pgf/math/pgfmathfunctions.misc.code.tex) (/usr/local/texlive/2024/texmf-dist/tex/generic/pgf/math/pgfmathfunctions.integerarithmetics.code.tex) (/usr/local/texlive/2024/texmf-dist/tex/generic/pgf/math/pgfmathcalc.code.tex) (/usr/local/texlive/2024/texmf-dist/tex/generic/pgf/math/pgfmathfloat.code.tex
\c@pgfmathroundto@lastzeros=\count335
)) (/usr/local/texlive/2024/texmf-dist/tex/generic/pgf/math/pgfint.code.tex) (/usr/local/texlive/2024/texmf-dist/tex/generic/pgf/basiclayer/pgfcorepoints.code.tex
File: pgfcorepoints.code.tex 2023-01-15 v3.1.10 (3.1.10)
\pgf@picminx=\dimen260
\pgf@picmaxx=\dimen261
\pgf@picminy=\dimen262
\pgf@picmaxy=\dimen263
\pgf@pathminx=\dimen264
\pgf@pathmaxx=\dimen265
\pgf@pathminy=\dimen266
\pgf@pathmaxy=\dimen267
\pgf@xx=\dimen268
\pgf@xy=\dimen269
\pgf@yx=\dimen270
\pgf@yy=\dimen271
\pgf@zx=\dimen272
\pgf@zy=\dimen273
) (/usr/local/texlive/2024/texmf-dist/tex/generic/pgf/basiclayer/pgfcorepathconstruct.code.tex
File: pgfcorepathconstruct.code.tex 2023-01-15 v3.1.10 (3.1.10)
\pgf@path@lastx=\dimen274
\pgf@path@lasty=\dimen275
) (/usr/local/texlive/2024/texmf-dist/tex/generic/pgf/basiclayer/pgfcorepathusage.code.tex
File: pgfcorepathusage.code.tex 2023-01-15 v3.1.10 (3.1.10)
\pgf@shorten@end@additional=\dimen276
\pgf@shorten@start@additional=\dimen277
) (/usr/local/texlive/2024/texmf-dist/tex/generic/pgf/basiclayer/pgfcorescopes.code.tex
File: pgfcorescopes.code.tex 2023-01-15 v3.1.10 (3.1.10)
\pgfpic=\box68
\pgf@hbox=\box69
\pgf@layerbox@main=\box70
\pgf@picture@serial@count=\count336
) (/usr/local/texlive/2024/texmf-dist/tex/generic/pgf/basiclayer/pgfcoregraphicstate.code.tex
File: pgfcoregraphicstate.code.tex 2023-01-15 v3.1.10 (3.1.10)
\pgflinewidth=\dimen278
) (/usr/local/texlive/2024/texmf-dist/tex/generic/pgf/basiclayer/pgfcoretransformations.code.tex
File: pgfcoretransformations.code.tex 2023-01-15 v3.1.10 (3.1.10)
\pgf@pt@x=\dimen279
\pgf@pt@y=\dimen280
\pgf@pt@temp=\dimen281
) (/usr/local/texlive/2024/texmf-dist/tex/generic/pgf/basiclayer/pgfcorequick.code.tex
File: pgfcorequick.code.tex 2023-01-15 v3.1.10 (3.1.10)
) (/usr/local/texlive/2024/texmf-dist/tex/generic/pgf/basiclayer/pgfcoreobjects.code.tex
File: pgfcoreobjects.code.tex 2023-01-15 v3.1.10 (3.1.10)
) (/usr/local/texlive/2024/texmf-dist/tex/generic/pgf/basiclayer/pgfcorepathprocessing.code.tex
File: pgfcorepathprocessing.code.tex 2023-01-15 v3.1.10 (3.1.10)
) (/usr/local/texlive/2024/texmf-dist/tex/generic/pgf/basiclayer/pgfcorearrows.code.tex
File: pgfcorearrows.code.tex 2023-01-15 v3.1.10 (3.1.10)
\pgfarrowsep=\dimen282
) (/usr/local/texlive/2024/texmf-dist/tex/generic/pgf/basiclayer/pgfcoreshade.code.tex
File: pgfcoreshade.code.tex 2023-01-15 v3.1.10 (3.1.10)
\pgf@max=\dimen283
\pgf@sys@shading@range@num=\count337
\pgf@shadingcount=\count338
) (/usr/local/texlive/2024/texmf-dist/tex/generic/pgf/basiclayer/pgfcoreimage.code.tex
File: pgfcoreimage.code.tex 2023-01-15 v3.1.10 (3.1.10)
) (/usr/local/texlive/2024/texmf-dist/tex/generic/pgf/basiclayer/pgfcoreexternal.code.tex
File: pgfcoreexternal.code.tex 2023-01-15 v3.1.10 (3.1.10)
\pgfexternal@startupbox=\box71
) (/usr/local/texlive/2024/texmf-dist/tex/generic/pgf/basiclayer/pgfcorelayers.code.tex
File: pgfcorelayers.code.tex 2023-01-15 v3.1.10 (3.1.10)
) (/usr/local/texlive/2024/texmf-dist/tex/generic/pgf/basiclayer/pgfcoretransparency.code.tex
File: pgfcoretransparency.code.tex 2023-01-15 v3.1.10 (3.1.10)
) (/usr/local/texlive/2024/texmf-dist/tex/generic/pgf/basiclayer/pgfcorepatterns.code.tex
File: pgfcorepatterns.code.tex 2023-01-15 v3.1.10 (3.1.10)
) (/usr/local/texlive/2024/texmf-dist/tex/generic/pgf/basiclayer/pgfcorerdf.code.tex
File: pgfcorerdf.code.tex 2023-01-15 v3.1.10 (3.1.10)
))) (/usr/local/texlive/2024/texmf-dist/tex/generic/pgf/modules/pgfmoduleshapes.code.tex
File: pgfmoduleshapes.code.tex 2023-01-15 v3.1.10 (3.1.10)
\pgfnodeparttextbox=\box72
) (/usr/local/texlive/2024/texmf-dist/tex/generic/pgf/modules/pgfmoduleplot.code.tex
File: pgfmoduleplot.code.tex 2023-01-15 v3.1.10 (3.1.10)
) (/usr/local/texlive/2024/texmf-dist/tex/latex/pgf/compatibility/pgfcomp-version-0-65.sty
Package: pgfcomp-version-0-65 2023-01-15 v3.1.10 (3.1.10)
\pgf@nodesepstart=\dimen284
\pgf@nodesepend=\dimen285
) (/usr/local/texlive/2024/texmf-dist/tex/latex/pgf/compatibility/pgfcomp-version-1-18.sty
Package: pgfcomp-version-1-18 2023-01-15 v3.1.10 (3.1.10)
)) (/usr/local/texlive/2024/texmf-dist/tex/latex/pgf/utilities/pgffor.sty (/usr/local/texlive/2024/texmf-dist/tex/latex/pgf/utilities/pgfkeys.sty (/usr/local/texlive/2024/texmf-dist/tex/generic/pgf/utilities/pgfkeys.code.tex)) (/usr/local/texlive/2024/texmf-dist/tex/latex/pgf/math/pgfmath.sty (/usr/local/texlive/2024/texmf-dist/tex/generic/pgf/math/pgfmath.code.tex)) (/usr/local/texlive/2024/texmf-dist/tex/generic/pgf/utilities/pgffor.code.tex
Package: pgffor 2023-01-15 v3.1.10 (3.1.10)
\pgffor@iter=\dimen286
\pgffor@skip=\dimen287
\pgffor@stack=\toks45
\pgffor@toks=\toks46
)) (/usr/local/texlive/2024/texmf-dist/tex/generic/pgf/frontendlayer/tikz/tikz.code.tex
Package: tikz 2023-01-15 v3.1.10 (3.1.10)
 (/usr/local/texlive/2024/texmf-dist/tex/generic/pgf/libraries/pgflibraryplothandlers.code.tex
File: pgflibraryplothandlers.code.tex 2023-01-15 v3.1.10 (3.1.10)
\pgf@plot@mark@count=\count339
\pgfplotmarksize=\dimen288
)
\tikz@lastx=\dimen289
\tikz@lasty=\dimen290
\tikz@lastxsaved=\dimen291
\tikz@lastysaved=\dimen292
\tikz@lastmovetox=\dimen293
\tikz@lastmovetoy=\dimen294
\tikzleveldistance=\dimen295
\tikzsiblingdistance=\dimen296
\tikz@figbox=\box73
\tikz@figbox@bg=\box74
\tikz@tempbox=\box75
\tikz@tempbox@bg=\box76
\tikztreelevel=\count340
\tikznumberofchildren=\count341
\tikznumberofcurrentchild=\count342
\tikz@fig@count=\count343
 (/usr/local/texlive/2024/texmf-dist/tex/generic/pgf/modules/pgfmodulematrix.code.tex
File: pgfmodulematrix.code.tex 2023-01-15 v3.1.10 (3.1.10)
\pgfmatrixcurrentrow=\count344
\pgfmatrixcurrentcolumn=\count345
\pgf@matrix@numberofcolumns=\count346
)
\tikz@expandcount=\count347
 (/usr/local/texlive/2024/texmf-dist/tex/generic/pgf/frontendlayer/tikz/libraries/tikzlibrarytopaths.code.tex
File: tikzlibrarytopaths.code.tex 2023-01-15 v3.1.10 (3.1.10)
))) (/usr/local/texlive/2024/texmf-dist/tex/generic/pgf/frontendlayer/tikz/libraries/tikzlibraryshapes.code.tex
File: tikzlibraryshapes.code.tex 2023-01-15 v3.1.10 (3.1.10)
 (/usr/local/texlive/2024/texmf-dist/tex/generic/pgf/frontendlayer/tikz/libraries/tikzlibraryshapes.geometric.code.tex
File: tikzlibraryshapes.geometric.code.tex 2023-01-15 v3.1.10 (3.1.10)
 (/usr/local/texlive/2024/texmf-dist/tex/generic/pgf/libraries/shapes/pgflibraryshapes.geometric.code.tex
File: pgflibraryshapes.geometric.code.tex 2023-01-15 v3.1.10 (3.1.10)
)) (/usr/local/texlive/2024/texmf-dist/tex/generic/pgf/frontendlayer/tikz/libraries/tikzlibraryshapes.misc.code.tex
File: tikzlibraryshapes.misc.code.tex 2023-01-15 v3.1.10 (3.1.10)
 (/usr/local/texlive/2024/texmf-dist/tex/generic/pgf/libraries/shapes/pgflibraryshapes.misc.code.tex
File: pgflibraryshapes.misc.code.tex 2023-01-15 v3.1.10 (3.1.10)
)) (/usr/local/texlive/2024/texmf-dist/tex/generic/pgf/frontendlayer/tikz/libraries/tikzlibraryshapes.symbols.code.tex
File: tikzlibraryshapes.symbols.code.tex 2023-01-15 v3.1.10 (3.1.10)
 (/usr/local/texlive/2024/texmf-dist/tex/generic/pgf/libraries/shapes/pgflibraryshapes.symbols.code.tex
File: pgflibraryshapes.symbols.code.tex 2023-01-15 v3.1.10 (3.1.10)
)) (/usr/local/texlive/2024/texmf-dist/tex/generic/pgf/frontendlayer/tikz/libraries/tikzlibraryshapes.arrows.code.tex
File: tikzlibraryshapes.arrows.code.tex 2023-01-15 v3.1.10 (3.1.10)
 (/usr/local/texlive/2024/texmf-dist/tex/generic/pgf/libraries/shapes/pgflibraryshapes.arrows.code.tex
File: pgflibraryshapes.arrows.code.tex 2023-01-15 v3.1.10 (3.1.10)
)) (/usr/local/texlive/2024/texmf-dist/tex/generic/pgf/frontendlayer/tikz/libraries/tikzlibraryshapes.callouts.code.tex (/usr/local/texlive/2024/texmf-dist/tex/generic/pgf/libraries/shapes/pgflibraryshapes.callouts.code.tex)) (/usr/local/texlive/2024/texmf-dist/tex/generic/pgf/frontendlayer/tikz/libraries/tikzlibraryshapes.multipart.code.tex
File: tikzlibraryshapes.multipart.code.tex 2023-01-15 v3.1.10 (3.1.10)
 (/usr/local/texlive/2024/texmf-dist/tex/generic/pgf/libraries/shapes/pgflibraryshapes.multipart.code.tex
File: pgflibraryshapes.multipart.code.tex 2023-01-15 v3.1.10 (3.1.10)
\pgfnodepartlowerbox=\box77
\pgfnodeparttwobox=\box78
\pgfnodepartthreebox=\box79
\pgfnodepartfourbox=\box80
\pgfnodeparttwentybox=\box81
\pgfnodepartnineteenbox=\box82
\pgfnodeparteighteenbox=\box83
\pgfnodepartseventeenbox=\box84
\pgfnodepartsixteenbox=\box85
\pgfnodepartfifteenbox=\box86
\pgfnodepartfourteenbox=\box87
\pgfnodepartthirteenbox=\box88
\pgfnodeparttwelvebox=\box89
\pgfnodepartelevenbox=\box90
\pgfnodeparttenbox=\box91
\pgfnodepartninebox=\box92
\pgfnodeparteightbox=\box93
\pgfnodepartsevenbox=\box94
\pgfnodepartsixbox=\box95
\pgfnodepartfivebox=\box96
))) (/usr/local/texlive/2024/texmf-dist/tex/generic/pgf/frontendlayer/tikz/libraries/tikzlibraryarrows.code.tex
File: tikzlibraryarrows.code.tex 2023-01-15 v3.1.10 (3.1.10)
 (/usr/local/texlive/2024/texmf-dist/tex/generic/pgf/libraries/pgflibraryarrows.code.tex
File: pgflibraryarrows.code.tex 2023-01-15 v3.1.10 (3.1.10)
\arrowsize=\dimen297
)) (/usr/local/texlive/2024/texmf-dist/tex/generic/pgf/libraries/pgflibraryarrows.meta.code.tex
File: pgflibraryarrows.meta.code.tex 2023-01-15 v3.1.10 (3.1.10)
\pgfarrowinset=\dimen298
\pgfarrowlength=\dimen299
\pgfarrowwidth=\dimen300
\pgfarrowlinewidth=\dimen301
) (/usr/local/texlive/2024/texmf-dist/tex/generic/pgf/frontendlayer/tikz/libraries/tikzlibrarypositioning.code.tex
File: tikzlibrarypositioning.code.tex 2023-01-15 v3.1.10 (3.1.10)
) (/usr/local/texlive/2024/texmf-dist/tex/generic/pgf/frontendlayer/tikz/libraries/tikzlibrarycalc.code.tex
File: tikzlibrarycalc.code.tex 2023-01-15 v3.1.10 (3.1.10)
) (/usr/local/texlive/2024/texmf-dist/tex/generic/pgf/frontendlayer/tikz/libraries/tikzlibraryshadows.code.tex
File: tikzlibraryshadows.code.tex 2023-01-15 v3.1.10 (3.1.10)
 (/usr/local/texlive/2024/texmf-dist/tex/generic/pgf/frontendlayer/tikz/libraries/tikzlibraryfadings.code.tex
File: tikzlibraryfadings.code.tex 2023-01-15 v3.1.10 (3.1.10)

(/usr/local/texlive/2024/texmf-dist/tex/generic/pgf/libraries/pgflibraryfadings.code.tex
File: pgflibraryfadings.code.tex 2023-01-15 v3.1.10 (3.1.10)
))) (/usr/local/texlive/2024/texmf-dist/tex/latex/hyperref/hyperref.sty
Package: hyperref 2024-01-20 v7.01h Hypertext links for LaTeX
 (/usr/local/texlive/2024/texmf-dist/tex/generic/kvdefinekeys/kvdefinekeys.sty
Package: kvdefinekeys 2019-12-19 v1.6 Define keys (HO)
) (/usr/local/texlive/2024/texmf-dist/tex/generic/pdfescape/pdfescape.sty
Package: pdfescape 2019/12/09 v1.15 Implements pdfTeX's escape features (HO)
) (/usr/local/texlive/2024/texmf-dist/tex/latex/hycolor/hycolor.sty
Package: hycolor 2020-01-27 v1.10 Color options for hyperref/bookmark (HO)
) (/usr/local/texlive/2024/texmf-dist/tex/latex/auxhook/auxhook.sty
Package: auxhook 2019-12-17 v1.6 Hooks for auxiliary files (HO)
) (/usr/local/texlive/2024/texmf-dist/tex/latex/hyperref/nameref.sty
Package: nameref 2023-11-26 v2.56 Cross-referencing by name of section
 (/usr/local/texlive/2024/texmf-dist/tex/latex/refcount/refcount.sty
Package: refcount 2019/12/15 v3.6 Data extraction from label references (HO)
) (/usr/local/texlive/2024/texmf-dist/tex/generic/gettitlestring/gettitlestring.sty
Package: gettitlestring 2019/12/15 v1.6 Cleanup title references (HO)
)
\c@section@level=\count348
)
\@linkdim=\dimen302
\Hy@linkcounter=\count349
\Hy@pagecounter=\count350
 (/usr/local/texlive/2024/texmf-dist/tex/latex/hyperref/pd1enc.def
File: pd1enc.def 2024-01-20 v7.01h Hyperref: PDFDocEncoding definition (HO)
Now handling font encoding PD1 ...
... no UTF-8 mapping file for font encoding PD1
) (/usr/local/texlive/2024/texmf-dist/tex/generic/intcalc/intcalc.sty
Package: intcalc 2019/12/15 v1.3 Expandable calculations with integers (HO)
)
\Hy@SavedSpaceFactor=\count351
 (/usr/local/texlive/2024/texmf-dist/tex/latex/hyperref/puenc.def
File: puenc.def 2024-01-20 v7.01h Hyperref: PDF Unicode definition (HO)
Now handling font encoding PU ...
... no UTF-8 mapping file for font encoding PU
)
Package hyperref Info: Hyper figures OFF on input line 4179.
Package hyperref Info: Link nesting OFF on input line 4184.
Package hyperref Info: Hyper index ON on input line 4187.
Package hyperref Info: Plain pages OFF on input line 4194.
Package hyperref Info: Backreferencing OFF on input line 4199.
Package hyperref Info: Implicit mode ON; LaTeX internals redefined.
Package hyperref Info: Bookmarks ON on input line 4446.
\c@Hy@tempcnt=\count352
 (/usr/local/texlive/2024/texmf-dist/tex/latex/url/url.sty
\Urlmuskip=\muskip17
Package: url 2013/09/16  ver 3.4  Verb mode for urls, etc.
)
LaTeX Info: Redefining \url on input line 4784.
\XeTeXLinkMargin=\dimen303
 (/usr/local/texlive/2024/texmf-dist/tex/generic/bitset/bitset.sty
Package: bitset 2019/12/09 v1.3 Handle bit-vector datatype (HO)
 (/usr/local/texlive/2024/texmf-dist/tex/generic/bigintcalc/bigintcalc.sty
Package: bigintcalc 2019/12/15 v1.5 Expandable calculations on big integers (HO)
))
\Fld@menulength=\count353
\Field@Width=\dimen304
\Fld@charsize=\dimen305
Package hyperref Info: Hyper figures OFF on input line 6063.
Package hyperref Info: Link nesting OFF on input line 6068.
Package hyperref Info: Hyper index ON on input line 6071.
Package hyperref Info: backreferencing OFF on input line 6078.
Package hyperref Info: Link coloring OFF on input line 6083.
Package hyperref Info: Link coloring with OCG OFF on input line 6088.
Package hyperref Info: PDF/A mode OFF on input line 6093.
 (/usr/local/texlive/2024/texmf-dist/tex/latex/base/atbegshi-ltx.sty
Package: atbegshi-ltx 2021/01/10 v1.0c Emulation of the original atbegshi
package with kernel methods
)
\Hy@abspage=\count354
\c@Item=\count355
\c@Hfootnote=\count356
)
Package hyperref Info: Driver (autodetected): hpdftex.
 (/usr/local/texlive/2024/texmf-dist/tex/latex/hyperref/hpdftex.def
File: hpdftex.def 2024-01-20 v7.01h Hyperref driver for pdfTeX
 (/usr/local/texlive/2024/texmf-dist/tex/latex/base/atveryend-ltx.sty
Package: atveryend-ltx 2020/08/19 v1.0a Emulation of the original atveryend package
with kernel methods
)
\Fld@listcount=\count357
\c@bookmark@seq@number=\count358
 (/usr/local/texlive/2024/texmf-dist/tex/latex/rerunfilecheck/rerunfilecheck.sty
Package: rerunfilecheck 2022-07-10 v1.10 Rerun checks for auxiliary files (HO)
 (/usr/local/texlive/2024/texmf-dist/tex/generic/uniquecounter/uniquecounter.sty
Package: uniquecounter 2019/12/15 v1.4 Provide unlimited unique counter (HO)
)
Package uniquecounter Info: New unique counter `rerunfilecheck' on input line 285.
)
\Hy@SectionHShift=\skip60
)
Package hyperref Info: Option `colorlinks' set `true' on input line 27.
runsystem(command -v pygmentize && touch szenzormodalitasok.aex)...executed.

runsystem(rm szenzormodalitasok.aex)...executed.

LaTeX Font Info:    Trying to load font information for T1+lmr on input line 44.
 (/usr/local/texlive/2024/texmf-dist/tex/latex/lm/t1lmr.fd
File: t1lmr.fd 2015/05/01 v1.6.1 Font defs for Latin Modern
) (/usr/local/texlive/2024/texmf-dist/tex/latex/l3backend/l3backend-pdftex.def
File: l3backend-pdftex.def 2024-02-20 L3 backend support: PDF output (pdfTeX)
\l__color_backend_stack_int=\count359
\l__pdf_internal_box=\box97
) (./szenzormodalitasok.aux (./exam.aux))
\openout1 = `szenzormodalitasok.aux'.

LaTeX Font Info:    Checking defaults for OML/cmm/m/it on input line 44.
LaTeX Font Info:    ... okay on input line 44.
LaTeX Font Info:    Checking defaults for OMS/cmsy/m/n on input line 44.
LaTeX Font Info:    ... okay on input line 44.
LaTeX Font Info:    Checking defaults for OT1/cmr/m/n on input line 44.
LaTeX Font Info:    ... okay on input line 44.
LaTeX Font Info:    Checking defaults for T1/cmr/m/n on input line 44.
LaTeX Font Info:    ... okay on input line 44.
LaTeX Font Info:    Checking defaults for TS1/cmr/m/n on input line 44.
LaTeX Font Info:    ... okay on input line 44.
LaTeX Font Info:    Checking defaults for OMX/cmex/m/n on input line 44.
LaTeX Font Info:    ... okay on input line 44.
LaTeX Font Info:    Checking defaults for U/cmr/m/n on input line 44.
LaTeX Font Info:    ... okay on input line 44.
LaTeX Font Info:    Checking defaults for PD1/pdf/m/n on input line 44.
LaTeX Font Info:    ... okay on input line 44.
LaTeX Font Info:    Checking defaults for PU/pdf/m/n on input line 44.
LaTeX Font Info:    ... okay on input line 44.
\c@lstlisting=\count360
 (/usr/local/texlive/2024/texmf-dist/tex/context/base/mkii/supp-pdf.mkii
[Loading MPS to PDF converter (version 2006.09.02).]
\scratchcounter=\count361
\scratchdimen=\dimen306
\scratchbox=\box98
\nofMPsegments=\count362
\nofMParguments=\count363
\everyMPshowfont=\toks47
\MPscratchCnt=\count364
\MPscratchDim=\dimen307
\MPnumerator=\count365
\makeMPintoPDFobject=\count366
\everyMPtoPDFconversion=\toks48
) (/usr/local/texlive/2024/texmf-dist/tex/latex/epstopdf-pkg/epstopdf-base.sty
Package: epstopdf-base 2020-01-24 v2.11 Base part for package epstopdf
Package epstopdf-base Info: Redefining graphics rule for `.eps' on input line 485.
 (/usr/local/texlive/2024/texmf-dist/tex/latex/latexconfig/epstopdf-sys.cfg
File: epstopdf-sys.cfg 2010/07/13 v1.3 Configuration of (r)epstopdf for TeX Live
))
Package hyperref Info: Link coloring ON on input line 44.
 (./szenzormodalitasok.out) (./szenzormodalitasok.out)
\@outlinefile=\write6
\openout6 = `szenzormodalitasok.out'.

LaTeX Font Info:    Trying to load font information for OT1+lmr on input line 50.
 (/usr/local/texlive/2024/texmf-dist/tex/latex/lm/ot1lmr.fd
File: ot1lmr.fd 2015/05/01 v1.6.1 Font defs for Latin Modern
)
LaTeX Font Info:    Trying to load font information for OML+lmm on input line 50.
 (/usr/local/texlive/2024/texmf-dist/tex/latex/lm/omllmm.fd
File: omllmm.fd 2015/05/01 v1.6.1 Font defs for Latin Modern
)
LaTeX Font Info:    Trying to load font information for OMS+lmsy on input line 50.
 (/usr/local/texlive/2024/texmf-dist/tex/latex/lm/omslmsy.fd
File: omslmsy.fd 2015/05/01 v1.6.1 Font defs for Latin Modern
)
LaTeX Font Info:    Trying to load font information for OMX+lmex on input line 50.
 (/usr/local/texlive/2024/texmf-dist/tex/latex/lm/omxlmex.fd
File: omxlmex.fd 2015/05/01 v1.6.1 Font defs for Latin Modern
)
LaTeX Font Info:    External font `lmex10' loaded for size
(Font)              <14.4> on input line 50.
LaTeX Font Info:    External font `lmex10' loaded for size
(Font)              <10> on input line 50.
LaTeX Font Info:    External font `lmex10' loaded for size
(Font)              <7> on input line 50.
 [1

{/usr/local/texlive/2024/texmf-var/fonts/map/pdftex/updmap/pdftex.map}{/usr/local/texlive/2024/texmf-dist/fonts/enc/dvips/lm/lm-ec.enc}] (./szenzormodalitasok.toc
LaTeX Font Info:    External font `lmex10' loaded for size
(Font)              <12> on input line 2.
LaTeX Font Info:    External font `lmex10' loaded for size
(Font)              <8> on input line 2.
LaTeX Font Info:    External font `lmex10' loaded for size
(Font)              <6> on input line 2.

Overfull \hbox (2.12733pt too wide) in paragraph at lines 8--8
 [][] [][][]\T1/lmr/m/n/12 DAQ/Tradícionális vezér-lés/D-C-S/S-CADA/-Mon-i-tor-ing/Vezér- 
 []

[2

]
Overfull \hbox (4.79906pt too wide) in paragraph at lines 37--37
 [][] [][][]\T1/lmr/m/n/12 Sportmonitoring megoldá-sok (ak-tiv-itás/tel-jesít-mény) és 
 []


Overfull \hbox (19.25395pt too wide) in paragraph at lines 41--41
 [][] [][][]\T1/lmr/m/n/12 Diabétesz/cukorbetegség mon-i-torozása (mód-sz-erek, beren- 
 []


Overfull \hbox (12.60454pt too wide) in paragraph at lines 64--64
 [][] [][][]\T1/lmr/m/n/12 SIGFOX kom-mu-niká-ció: el®nyök/hátrányok, al-ka-lmazási 
 []

[3])
\tf@toc=\write7
\openout7 = `szenzormodalitasok.toc'.

 [4]
\openout2 = `exam.aux'.

 (./exam.tex
LaTeX Font Info:    Trying to load font information for TS1+lmr on input line 6.
 (/usr/local/texlive/2024/texmf-dist/tex/latex/lm/ts1lmr.fd
File: ts1lmr.fd 2015/05/01 v1.6.1 Font defs for Latin Modern
)
Overfull \hbox (83.84856pt too wide) in paragraph at lines 21--22
\T1/lmr/m/n/12 tele-fonok képerny®-orientációjának sz-abá-ly-ozásához, jár-m¶vek ütközésérzékelésére,
 []

[5


{/usr/local/texlive/2024/texmf-dist/fonts/enc/dvips/lm/lm-ts1.enc}]
Overfull \hbox (6.31638pt too wide) in paragraph at lines 41--42
[]\T1/lmr/m/n/12 Gyorsulásmér®k, giroszkópok, lépésszám-lálás, au-tomatikus fényer®-
 []


Overfull \hbox (0.29054pt too wide) in paragraph at lines 53--54
[]\T1/lmr/m/n/12 Kémiai szen-zorok, biometrikus szen-zorok, di-ag-nosztikák/kezelések
 []


Overfull \hbox (12.29922pt too wide) in paragraph at lines 61--62
[]\T1/lmr/m/n/12 Mozgásérzékel®k, füstérzékel®k, kam-era szen-zorok a veszé-ly-he-lyzetek
 []

[6]
Overfull \hbox (30.12209pt too wide) in paragraph at lines 89--90
[]\T1/lmr/m/n/12 Az ak-tuá-torok olyan es-zközök, amik elek-tro-mos jelet fizikai m¶veletekké
 []

[7

]
Overfull \hbox (7.5323pt too wide) in paragraph at lines 112--113
[]\T1/lmr/m/n/12 Adat (Ny-ers ada-tok kon-tex-tus nélkül (pl.: mérések adatai), kevés hasznos
 []


Overfull \hbox (0.35454pt too wide) in paragraph at lines 128--129
[]\T1/lmr/m/n/12 Vezérlési folyam-a-tokat mod-uláris egységek között os-ztja szét, amik
 []

[8]
Overfull \hbox (9.52469pt too wide) in paragraph at lines 157--158
[]\T1/lmr/m/n/12 Alkalmazási területek (En-er-giaipar, kö-zlekedés, gyártás és au-tom-a-tizálás) 
 []

[9]
Overfull \hbox (3.29752pt too wide) in paragraph at lines 189--190
[]\T1/lmr/m/n/12 Szenzorok és érzékel®k, jelkondí-cionáló áramkörök, adat-gy¶jt® es-zközök,
 []


Overfull \hbox (0.62173pt too wide) in paragraph at lines 189--190
\T1/lmr/m/n/12 központi mon-i-torozó ál-lomás és hálózati in-fras-truk-túra, szoftver és anal-
 []


Overfull \hbox (28.42502pt too wide) in paragraph at lines 195--196
\T1/lmr/m/n/12 kali-brá-ció és h®mérsék-leti hatá-sok, Adat-biz-ton-ság és adatvédelem,
 []

[10

]
Overfull \hbox (1.72456pt too wide) in paragraph at lines 201--202
[]\T1/lmr/m/n/12 Vezérlési folyam-a-tokat mod-uláris egységek között os-ztja szét,
 []


Overfull \hbox (10.80621pt too wide) in paragraph at lines 201--202
\T1/lmr/m/n/12 amik kom-mu-nikál-nak egymás-sal egy közös hálóza-ton keresztül. 
 []


Overfull \hbox (52.73943pt too wide) in paragraph at lines 219--220
[]\T1/lmr/m/n/12 El®nyök (Ma-g-a-sabb ren-delkezésre ál-lás, meg-bízhatóság, skálázhatóság) 
 []


Overfull \hbox (4.27516pt too wide) in paragraph at lines 231--232
\T1/lmr/m/n/12 a-tok távoli mon-i-torozását, vezér-lését és au-tom-a-tizálását. 
 []

[11] [12]
Overfull \hbox (17.06992pt too wide) in paragraph at lines 279--280
[]\T1/lmr/m/n/12 ERP rend-sz-erek, kom-plex gyártási folyam-a-tok, nagy létesít-
 []

[13

]
Overfull \hbox (8.61691pt too wide) in paragraph at lines 297--298
[]\T1/lmr/bx/n/12 EKG \T1/lmr/m/n/12 (Elek-trokar-dio-gram), szív elek-tro-mos tevékenysége. 
 []


Overfull \hbox (5.90913pt too wide) in paragraph at lines 298--299
[]\T1/lmr/bx/n/12 EEG \T1/lmr/m/n/12 (Elek-troenke-falo-grá-fia), Agy elek-tro-mos ak-tiv-itása. 
 []


Overfull \hbox (21.8741pt too wide) in paragraph at lines 303--304
[]\T1/lmr/bx/n/12 Pulzushullám-velocitás\T1/lmr/m/n/12 , az artériás ru-gal-masság mérésére
 []


Overfull \hbox (0.3861pt too wide) in paragraph at lines 314--315
[]\T1/lmr/bx/n/12 Testh®mérséklet-mérés\T1/lmr/m/n/12 , a test bels® h®mérsék-letének
 []

[14

]
Overfull \hbox (14.90807pt too wide) in paragraph at lines 340--341
[]\T1/lmr/bx/n/12 Elektromos in-ter-fer-en-cia \T1/lmr/m/n/12 (Környezeti elek-tro-mos beren-
 []


Overfull \hbox (5.3943pt too wide) in paragraph at lines 341--342
[]\T1/lmr/bx/n/12 Jelátviteli hiba \T1/lmr/m/n/12 (Hosszú vagy rossz min®ség¶ ká-belezés) 
 []

[15]
Overfull \hbox (3.1547pt too wide) in paragraph at lines 357--358
[]\T1/lmr/bx/n/12 Hibat¶rés hiánya\T1/lmr/m/n/12 , egy szen-zor meghibá-sodásánál nincs
 []


Overfull \hbox (21.68861pt too wide) in paragraph at lines 362--363
[]\T1/lmr/bx/n/12 Adatkezelés és fel-dol-go-zás\T1/lmr/m/n/12 , nagy adat-men-ny-iség kezelése,
 []


Overfull \hbox (12.66982pt too wide) in paragraph at lines 364--365
\T1/lmr/m/n/12 ter-fer-en-cia és az ada-tok ko-heren-ciájá-nak hiánya torzíthatja
 []

[16

]
Overfull \hbox (1.62177pt too wide) in paragraph at lines 369--369
[]\T1/lmr/bx/n/12 Mérnöki ki-hívá-sok a nagy-men-ny-iség¶ adat-gy¶jtés-
 []


Overfull \hbox (9.79764pt too wide) in paragraph at lines 387--388
[]\T1/lmr/m/n/12 Kommunikációs hatótávol-sá-gok, adat mul-ti-plexálási prob-
 []

[17

{/usr/local/texlive/2024/texmf-dist/fonts/enc/dvips/lm/lm-mathsy.enc}]
Overfull \hbox (20.95477pt too wide) in paragraph at lines 394--394
[]\T1/lmr/bx/n/12 Sportmonitoring megoldá-sok (ak-tiv-itás/tel-jesít-mény)
 []


Overfull \hbox (1.18298pt too wide) in paragraph at lines 396--397
[]\T1/lmr/m/n/12 Viselhet® es-zközök (pulzus-mér®k, lépésszám-lálók, GPS órák) 
 []


Overfull \hbox (20.76115pt too wide) in paragraph at lines 400--401
[]\T1/lmr/m/n/12 Adatpontosság és meg-bízhatóság (kali-brá-ciós, szen-zorhibák) 
 []


Overfull \hbox (5.94402pt too wide) in paragraph at lines 403--404
[]\T1/lmr/m/n/12 Integráció más rend-sz-erekkel (kom-pat-i-bil-itási prob-lémák) 
 []


Overfull \hbox (22.12024pt too wide) in paragraph at lines 409--410
[]\T1/lmr/m/n/12 Környezet mon-i-tor-ing (Kam-era, Sug-árzás-mér®k, Lev-eg-®min®ség-
 []


Overfull \hbox (10.78049pt too wide) in paragraph at lines 413--414
[]\T1/lmr/bx/n/12 Pontatlanságok \T1/lmr/m/n/12 (beltér-ben, beépített városi területeken) 
 []


Overfull \hbox (18.93814pt too wide) in paragraph at lines 422--423
[]\T1/lmr/m/n/12 Távoli betegmon-i-torozás (Di-a-bétesz/-Gyó-gysz-eres/Hipertó-
 []

[18

]
Overfull \hbox (2.02644pt too wide) in paragraph at lines 433--434
\T1/lmr/m/n/12 Korotkov-hangok hall-gatására, ami lehet®vé teszi a szisz-
 []


Overfull \hbox (42.51747pt too wide) in paragraph at lines 434--435
[]\T1/lmr/bx/n/12 Oszcillometriás mód-szer \T1/lmr/m/n/12 (Au-tom-a-tizált mód-szer, mandzsetta
 []


Overfull \hbox (10.06093pt too wide) in paragraph at lines 434--435
\T1/lmr/m/n/12 au-tomatiku-san felfújódik, és az os-z-cil-lá-ciókat méri, amikor
 []

[19]
Overfull \hbox (12.24571pt too wide) in paragraph at lines 443--443
[]\T1/lmr/bx/n/12 Diabétesz/cukorbetegség mon-i-torozása (mód-sz-erek,
 []


Overfull \hbox (5.90154pt too wide) in paragraph at lines 447--448
[]\T1/lmr/bx/n/12 Ujjbegy tesztelés\T1/lmr/m/n/12 , (hagy-ományos vércukorszint-mérés),
 []


Overfull \hbox (12.55972pt too wide) in paragraph at lines 450--451
[]\T1/lmr/bx/n/12 Berendezések \T1/lmr/m/n/12 (Dig-itális glükózmér®k, folyam-atos mon-i-torozó
 []


Overfull \hbox (40.56807pt too wide) in paragraph at lines 462--463
[]\T1/lmr/bx/n/12 Mesterséges has-nyálmirigy prob-lémák \T1/lmr/m/n/12 (Rend-szer összetettsége,
 []

[20

]
Overfull \hbox (1.55823pt too wide) in paragraph at lines 489--490
[]\T1/lmr/bx/n/12 Hátrányok \T1/lmr/m/n/12 (Ko-r-lá-to-zott távol-ság, re-latív lassúság, buszkon-
 []


Overfull \hbox (24.6471pt too wide) in paragraph at lines 490--491
[]\T1/lmr/bx/n/12 Alkalmazási területek \T1/lmr/m/n/12 (Beá-gya-zott rend-sz-erek, mo-bileszközök,
 []


Overfull \hbox (5.93414pt too wide) in paragraph at lines 495--496
[]\T1/lmr/m/n/12 Serial Pe-riph-eral In-ter-face, egy szinkron, soros adatkapc-
 []

[21

]
Overfull \hbox (18.37091pt too wide) in paragraph at lines 498--499
[]\T1/lmr/bx/n/12 MOSI (Mas-ter Out Slave In) \T1/lmr/m/n/12 (A Mas-ter es-zköz adatkimeneti
 []


Overfull \hbox (0.92531pt too wide) in paragraph at lines 506--507
[]\T1/lmr/bx/n/12 Hátrányok \T1/lmr/m/n/12 (Több vezetékre van szük-ség, nem tá-mo-gat busz
 []


Overfull \hbox (13.0885pt too wide) in paragraph at lines 506--507
\T1/lmr/m/n/12 megosztást, skálázhatóság, hiányzó beépített kon-flik-tuskezelés) 
 []


Overfull \hbox (7.44388pt too wide) in paragraph at lines 507--508
[]\T1/lmr/bx/n/12 Alkalmazási területek \T1/lmr/m/n/12 (Adat-tároló es-zközök, ki-jelz®k, szen-
 []

[22]
Underfull \hbox (badness 10000) in paragraph at lines 525--525
[]|\T1/lmr/m/n/12 Lassabb, max 3.4
 []


Underfull \hbox (badness 10000) in paragraph at lines 525--525
[]|\T1/lmr/m/n/12 Legalább 4 (MISO,
 []


Underfull \hbox (badness 1789) in paragraph at lines 525--525
[]|\T1/lmr/m/n/12 Egyszer¶bb, kevesebb
 []


Underfull \hbox (badness 10000) in paragraph at lines 525--525
[]|\T1/lmr/m/n/12 Bonyolultabb, több
 []


Underfull \hbox (badness 10000) in paragraph at lines 525--525
[]|\T1/lmr/m/n/12 Adatigényes al-ka-
 []


Underfull \hbox (badness 10000) in paragraph at lines 525--525
\T1/lmr/m/n/12 lmazá-sok, nagy
 []

[23

]
Overfull \hbox (15.0316pt too wide) in paragraph at lines 530--530
[]\T1/lmr/bx/n/14.4 Vezeték nélküli kom-mu-niká-ciós tech-nológiák 
 []


Underfull \hbox (badness 2197) in paragraph at lines 544--544
[]|\T1/lmr/m/n/12 Néhány méter, a test közvetlen
 []


Underfull \hbox (badness 1577) in paragraph at lines 544--544
[]|\T1/lmr/m/n/12 ZigBee: alac-sony, Wi-Fi Di-rect:
 []


Underfull \hbox (badness 10000) in paragraph at lines 544--544
[]|\T1/lmr/m/n/12 Alacsony, hosszú akkumulátor-
 []


Underfull \hbox (badness 1622) in paragraph at lines 544--544
[]|\T1/lmr/m/n/12 Egészségügyi mon-i-torozás, fit-ness
 []

[24

]
Underfull \hbox (badness 10000) in paragraph at lines 587--587
[]|\T1/lmr/m/n/12 Ethernet (vezetékes), Wi-Fi
 []


Underfull \hbox (badness 3199) in paragraph at lines 587--587
\T1/lmr/m/n/12 Wi-Fi es-etében vál-tozó, függ a
 []


Underfull \hbox (badness 10000) in paragraph at lines 587--587
[]|\T1/lmr/m/n/12 Irodai hálóza-tok, ok-tatási in-
 []


Underfull \hbox (badness 10000) in paragraph at lines 587--587
\T1/lmr/m/n/12 tézmények, ot-thoni hálóza-tok,
 []


Underfull \hbox (badness 10000) in paragraph at lines 587--587
\T1/lmr/m/n/12 internet-hozzáférés megosztása,
 []

[25

]
Underfull \hbox (badness 10000) in paragraph at lines 609--609
[]|\T1/lmr/m/n/12 Ethernet, ATM, Frame Re-lay,
 []


Underfull \hbox (badness 5578) in paragraph at lines 609--609
[]|\T1/lmr/m/n/12 Több Mbps-t®l Gbps-ig ter-jed®
 []


Underfull \hbox (badness 10000) in paragraph at lines 609--609
[]|\T1/lmr/m/n/12 Városi hálóza-tok összekötése,
 []


Underfull \hbox (badness 10000) in paragraph at lines 609--609
\T1/lmr/m/n/12 internet-szolgáltatók, nagyvárosi
 []

[26

]
Underfull \hbox (badness 2951) in paragraph at lines 631--631
[]|\T1/lmr/m/n/12 Több száz vagy ezer kilo-méter,
 []


Underfull \hbox (badness 1796) in paragraph at lines 631--631
[]|\T1/lmr/m/n/12 Különböz®, Mbps-tól Gbps-ig, a
 []


Underfull \hbox (badness 1675) in paragraph at lines 631--631
\T1/lmr/m/n/12 használt tech-nológiától és in-fras-
 []


Underfull \hbox (badness 4981) in paragraph at lines 631--631
[]|\T1/lmr/m/n/12 Jellemz®en ma-gas, különösen a
 []


Underfull \hbox (badness 10000) in paragraph at lines 631--631
[]|\T1/lmr/m/n/12 Nemzetközi vál-lalati hálóza-tok,
 []


Underfull \hbox (badness 10000) in paragraph at lines 631--631
\T1/lmr/m/n/12 távoli adatközpon-tok összekapc-
 []


Underfull \hbox (badness 2368) in paragraph at lines 631--631
\T1/lmr/m/n/12 solása, internet-hozzáférés, távoli
 []


Overfull \hbox (10.63676pt too wide) in paragraph at lines 636--636
[]\T1/lmr/bx/n/12 USB ar-chitek-túra/kom-po-nen-sei, es-zköz kategóriák 
 []


Overfull \hbox (5.16978pt too wide) in paragraph at lines 640--641
[]\T1/lmr/m/n/12 Host Con-troller, USB por-tok, USB es-zközök, USB hubok,
 []

[27

]
Overfull \hbox (8.69975pt too wide) in paragraph at lines 652--653
[]\T1/lmr/bx/n/12 Hátrányok\T1/lmr/m/n/12 , biz-ton-sági kock-áza-tok, port ko-r-lá-to-zottság, kom-
 []


Overfull \hbox (30.29364pt too wide) in paragraph at lines 664--665
[]\T1/lmr/m/n/12 Kiegészít® sz-ab-vány, kétirányú kom-mu-niká-ció, hor-dozhatóság,
 []

[28

]
Underfull \hbox (badness 1038) in paragraph at lines 691--691
[]|\T1/lmr/m/n/12 USB: Es-zközök tápel-látása lehet-
 []


Underfull \hbox (badness 10000) in paragraph at lines 691--691
[]|\T1/lmr/m/n/12 USB: Széles kör¶, beleértve
 []


Underfull \hbox (badness 10000) in paragraph at lines 691--691
\T1/lmr/m/n/12 számítástech-nikát, mo-bil es-
 []

[29

]
Overfull \hbox (30.28929pt too wide) in paragraph at lines 703--703
[]\T1/lmr/bx/n/12 LoRa/LoRaWAN kom-mu-niká-ció: el®nyök/hátrányok,
 []

[30

]
Overfull \hbox (40.80037pt too wide) in paragraph at lines 731--732
[]\T1/lmr/m/n/12 Alacsony en-er-giaf-o-gyasztású, alac-sony sávszé-lesség¶ adatátviteli
 []


Overfull \hbox (2.28755pt too wide) in paragraph at lines 747--748
[]\T1/lmr/m/n/12 Költséghatékony megoldás sok es-zköz globális összekapc-
 []


Overfull \hbox (23.11348pt too wide) in paragraph at lines 754--755
[]\T1/lmr/m/n/12 Korlátozott kom-mu-niká-ciós funkciók, például csak egyirányú
 []

[31

]
Underfull \hbox (badness 10000) in paragraph at lines 779--779
\T1/lmr/m/n/12 akár több kilo-méter vs.
 []


Underfull \hbox (badness 1642) in paragraph at lines 779--779
\T1/lmr/m/n/12 GSM/3G/4G/5G: Kisebb terület,
 []


Underfull \hbox (badness 10000) in paragraph at lines 779--779
[]|\T1/lmr/m/n/12 LPWAN: IoT es-zközök, szen-
 []


Underfull \hbox (badness 10000) in paragraph at lines 779--779
\T1/lmr/m/n/12 zorok, alac-sony adatigény vs.
 []

[32]
Overfull \hbox (6.03688pt too wide) in paragraph at lines 786--787
\T1/lmr/m/n/12 gereket (h®mérsék-let, fény, ny-omás) érzékel és mérhet® jelekké
 []


Overfull \hbox (8.74693pt too wide) in paragraph at lines 796--797
[]\T1/lmr/bx/n/12 Átalakító (trans-ducer)\T1/lmr/m/n/12 : Fizikai jelet elek-tro-mos jellé alakít. 
 []


Overfull \hbox (12.39326pt too wide) in paragraph at lines 800--801
[]\T1/lmr/bx/n/12 Aktuátor (ac-tu-a-tor)\T1/lmr/m/n/12 : Elek-tro-mos jelet mechanikai mozgássá
 []

[33

]
Overfull \hbox (12.22704pt too wide) in paragraph at lines 801--802
[]\T1/lmr/bx/n/12 Jel kondí-cionálás (sig-nal con-di-tion-ing)\T1/lmr/m/n/12 : A jel er®sségének,
 []


Overfull \hbox (2.48401pt too wide) in paragraph at lines 803--804
[]\T1/lmr/bx/n/12 Amplifikáció/er®sítés (am-pli-fi-ca-tion)\T1/lmr/m/n/12 : A jel er®sségének
 []


Overfull \hbox (10.26157pt too wide) in paragraph at lines 809--810
[]\T1/lmr/bx/n/12 Elosztott di-ag-nosztika (dis-tributed di-ag-nos-tic)\T1/lmr/m/n/12 : A rend-
 []


Overfull \hbox (0.3607pt too wide) in paragraph at lines 813--814
\T1/lmr/m/n/12 között os-ztja szét, amik kom-mu-nikál-nak egymás-sal egy közös
 []

[34]
Overfull \hbox (22.4718pt too wide) in paragraph at lines 816--817
[]\T1/lmr/bx/n/12 MTU - Mas-ter Ter-mi-nal Unit\T1/lmr/m/n/12 : F® ter-minál-e-gység, távvezérl®
 []


Overfull \hbox (23.49585pt too wide) in paragraph at lines 818--819
[]\T1/lmr/bx/n/12 Biztonsági sz-erver (safety server)\T1/lmr/m/n/12 : Ipari rend-sz-erek védelmét
 []


Overfull \hbox (2.96725pt too wide) in paragraph at lines 822--823
[]\T1/lmr/bx/n/12 PLC - Pro-grammable Logic Con-troller\T1/lmr/m/n/12 : Pro-gramozható
 []

[35]
Overfull \hbox (3.61977pt too wide) in paragraph at lines 832--833
[]\T1/lmr/bx/n/12 Nem-invazív mérés (non-invasive mea-sure-ment)\T1/lmr/m/n/12 : Nem
 []


Overfull \hbox (4.68645pt too wide) in paragraph at lines 833--834
[]\T1/lmr/bx/n/12 Nyquist-Shannon mintavételi té-tel (Nyquist-Shannon
 []


Overfull \hbox (9.56429pt too wide) in paragraph at lines 835--836
[]\T1/lmr/bx/n/12 BHS\T1/lmr/m/n/12 : Brit Hipertó-nia Tár-saság, ma-gas vérny-omás megel®zést,
 []


Overfull \hbox (5.57434pt too wide) in paragraph at lines 836--837
[]\T1/lmr/bx/n/12 Távoli mon-i-torozás (re-mote mon-i-tor-ing)\T1/lmr/m/n/12 : Távm¶ködés¶
 []


Overfull \hbox (34.91853pt too wide) in paragraph at lines 838--839
[]\T1/lmr/bx/n/12 Fehér köpeny szin-dróma (white coat syn-drome)\T1/lmr/m/n/12 : Emelkedett
 []


Overfull \hbox (0.68002pt too wide) in paragraph at lines 839--840
[]\T1/lmr/bx/n/12 Korotkov hangok\T1/lmr/m/n/12 : A vérny-omás-méréskor hall-ható hangok,
 []


Overfull \hbox (8.06248pt too wide) in paragraph at lines 842--843
[]\T1/lmr/bx/n/12 Szisztolés nyomás-er® (sys-tolic pressure-force)\T1/lmr/m/n/12 : A szisz-
 []


Overfull \hbox (14.35703pt too wide) in paragraph at lines 844--845
[]\T1/lmr/bx/n/12 Auszkultációs mód-szer (aus-cul-ta-tion method)\T1/lmr/m/n/12 : Manuális
 []

[36]
Overfull \hbox (3.31087pt too wide) in paragraph at lines 847--848
[]\T1/lmr/bx/n/12 Tonometria mód-szer (tonom-e-try method)\T1/lmr/m/n/12 : Mechanikai
 []


Overfull \hbox (2.67078pt too wide) in paragraph at lines 850--851
[]\T1/lmr/bx/n/12 HDL\T1/lmr/m/n/12 : High den-sity lipopro-tein, jó kolesz-terin, ami eltávolítja
 []


Overfull \hbox (4.01375pt too wide) in paragraph at lines 852--853
\T1/lmr/m/n/12 zsírsz-er¶ anyag, ami a sz-ervezetünkben lét-fontosságú sz-erepet
 []


Overfull \hbox (9.42914pt too wide) in paragraph at lines 857--858
[]\T1/lmr/bx/n/12 Cukorbetegség (di-a-betes mel-li-tus)\T1/lmr/m/n/12 : A vér-cuko-rszint kóros
 []


Overfull \hbox (45.53333pt too wide) in paragraph at lines 857--858
\T1/lmr/m/n/12 emelkedése, ami in-zulin-hiány vagy in-zulin-rezisz-tan-cia következménye. 
 []

[37]
Overfull \hbox (31.91193pt too wide) in paragraph at lines 861--862
[]\T1/lmr/bx/n/12 HbA1c\T1/lmr/m/n/12 : Glikált hemoglobin, akkor alakul ki, amikor a hemoglobin
 []


Overfull \hbox (30.54752pt too wide) in paragraph at lines 865--866
\T1/lmr/m/n/12 Elek-tro-mos áramot vezetnek át a vett mintán és az áramer®sségnek
 []


Overfull \hbox (11.95427pt too wide) in paragraph at lines 871--872
[]\T1/lmr/bx/n/12 Sztrók (stroke)\T1/lmr/m/n/12 : Az agy vérel-látását biz-tosító erek elzáródása
 []


Overfull \hbox (3.08896pt too wide) in paragraph at lines 872--873
[]\T1/lmr/bx/n/12 AAL - Am-bi-ent As-sisted Liv-ing\T1/lmr/m/n/12 : In-tel-li-gens tech-nológiák
 []

[38]
Overfull \hbox (30.8005pt too wide) in paragraph at lines 884--885
[]\T1/lmr/bx/n/12 RS-232\T1/lmr/m/n/12 : Se-rial kom-munká-ciós pro-tokoll, régi es-zközök használják. 
 []


Overfull \hbox (34.4461pt too wide) in paragraph at lines 885--886
[]\T1/lmr/bx/n/12 SPI\T1/lmr/m/n/12 : Soros per-ifériás in-ter-fész, adatátvitelre használják mikrovezér-
 []


Overfull \hbox (4.676pt too wide) in paragraph at lines 888--889
[]\T1/lmr/bx/n/12 USART\T1/lmr/m/n/12 : Uni-verzális szinkro-n/aszinkron vev®-adó, az UART
 []


Overfull \hbox (21.50815pt too wide) in paragraph at lines 891--892
\T1/lmr/m/n/12 per-ifériákat és tar-tozékokat csat-lakoz-tathatunk számítógépekhez
 []


Overfull \hbox (6.03937pt too wide) in paragraph at lines 892--893
[]\T1/lmr/bx/n/12 Testkommunikáció (body com-mu-ni-ca-tion)\T1/lmr/m/n/12 : A test kom-
 []

[39]
Overfull \hbox (13.02466pt too wide) in paragraph at lines 893--894
\T1/lmr/m/n/12 mos jelek továb-bítására al-ka-lmasak, és in-te-grál-hatók ruházatba
 []


Overfull \hbox (0.94463pt too wide) in paragraph at lines 895--896
[]\T1/lmr/bx/n/12 DTE\T1/lmr/m/n/12 : Data Ter-mi-nal Equip-ment (DTE) egy olyan vég-beren-
 []


Overfull \hbox (39.037pt too wide) in paragraph at lines 896--897
[]\T1/lmr/bx/n/12 DCE\T1/lmr/m/n/12 : Data Com-mu-ni-ca-tions Equip-ment (DCE) olyan számítógépes
 []

[40]
Overfull \hbox (3.55809pt too wide) in paragraph at lines 907--908
\T1/lmr/m/n/12 egy fo-gadó es-zköz küld egy küld® es-zköznek, hogy meger®sítse
 []


Overfull \hbox (2.83865pt too wide) in paragraph at lines 912--913
\T1/lmr/m/n/12 használja adatátviteli csator-naként, lehet®vé téve az es-zközök
 []

[41]
Overfull \hbox (5.38348pt too wide) in paragraph at lines 913--914
[]\T1/lmr/bx/n/12 Intra-testi kom-mu-niká-ció (Intra-body (In-body) com-
 []


Overfull \hbox (17.20148pt too wide) in paragraph at lines 915--916
[]\T1/lmr/bx/n/12 Implantátum-felszín kom-mu-niká-ció (Implant-to-surface
 []


Overfull \hbox (8.41544pt too wide) in paragraph at lines 916--917
[]\T1/lmr/bx/n/12 Felszín-felszín kom-mu-niká-ció (Surface-to-surface com-
 []


Overfull \hbox (8.77313pt too wide) in paragraph at lines 916--917
\T1/lmr/bx/n/12 mu-ni-ca-tion)\T1/lmr/m/n/12 : Olyan tech-noló-gia, ami két küls® felület közötti
 []


Overfull \hbox (9.75684pt too wide) in paragraph at lines 917--918
\T1/lmr/m/n/12 beri testbe ül-tetett es-zközök közötti adatátvitelt teszi lehet®vé. 
 []


Overfull \hbox (17.55835pt too wide) in paragraph at lines 918--919
[]\T1/lmr/bx/n/12 Elektrosztatikus csatolás (Elec-tro-static cou-pling)\T1/lmr/m/n/12 : Olyan
 []


Overfull \hbox (21.31386pt too wide) in paragraph at lines 918--919
\T1/lmr/m/n/12 je-len-ség, ahol elek-tro-mos töltések kölc-sön-hatásba lép-nek egymás-
 []


Overfull \hbox (33.09538pt too wide) in paragraph at lines 921--922
[]\T1/lmr/bx/n/12 HAN\T1/lmr/m/n/12 : Ház-tartási hálózat, ot-thoni es-zközök, például számítógépek,
 []

[42]
Overfull \hbox (14.94481pt too wide) in paragraph at lines 925--926
[]\T1/lmr/bx/n/12 WAN\T1/lmr/m/n/12 : Világhálózat, nagy föl-dra-jzi területeken, akár globálisan
 []


Overfull \hbox (4.89326pt too wide) in paragraph at lines 927--928
[]\T1/lmr/bx/n/12 Chirp im-pulzus (Chirp pulse)\T1/lmr/m/n/12 : Olyan jel, aminek frekven-
 []


Overfull \hbox (8.22342pt too wide) in paragraph at lines 930--931
[]\T1/lmr/bx/n/12 WBAN\T1/lmr/m/n/12 : Testközeli vezeték nélküli hálózat, es-zközök hálózata
 []


Overfull \hbox (3.54247pt too wide) in paragraph at lines 935--936
[]\T1/lmr/bx/n/12 Nem vezet® szál (Non-conductive fiber)\T1/lmr/m/n/12 : Elek-tro-mossá-
 []

) [43] (./szenzormodalitasok.aux (./exam.aux))
 ***********
LaTeX2e <2023-11-01> patch level 1
L3 programming layer <2024-02-20>
 ***********
Package rerunfilecheck Info: File `szenzormodalitasok.out' has not changed.
(rerunfilecheck)             Checksum: DE063D80DAEAC82B86481217A479ED51;16537.
 ) 
Here is how much of TeX's memory you used:
 28012 strings out of 474116
 557966 string characters out of 5743683
 1942187 words of memory out of 5000000
 49735 multiletter control sequences out of 15000+600000
 602367 words of font info for 65 fonts, out of 8000000 for 9000
 1141 hyphenation exceptions out of 8191
 84i,10n,87p,834b,611s stack positions out of 10000i,1000n,20000p,200000b,200000s
</usr/local/texlive/2024/texmf-dist/fonts/type1/public/lm/lmbx12.pfb></usr/local/texlive/2024/texmf-dist/fonts/type1/public/lm/lmr12.pfb></usr/local/texlive/2024/texmf-dist/fonts/type1/public/lm/lmr17.pfb></usr/local/texlive/2024/texmf-dist/fonts/type1/public/lm/lmsy10.pfb>
Output written on szenzormodalitasok.pdf (43 pages, 170839 bytes).
PDF statistics:
 625 PDF objects out of 1000 (max. 8388607)
 549 compressed objects within 6 object streams
 120 named destinations out of 1000 (max. 500000)
 637 words of extra memory for PDF output out of 10000 (max. 10000000)

