\BOOKMARK [1][-]{section.1}{\376\377\000V\000i\000z\000s\000g\000a\000\040\000k\000\351\000r\000d\000\351\000s\000e\000k}{}% 1
\BOOKMARK [2][-]{subsection.1.1}{\376\377\000S\000z\000e\000n\000z\000o\000r\000o\000k}{section.1}% 2
\BOOKMARK [3][-]{subsubsection.1.1.1}{\376\377\000S\000z\000e\000n\000z\000o\000r\000\040\000d\000e\000f\000i\000n\000\355\000c\000i\000\363}{subsection.1.1}% 3
\BOOKMARK [3][-]{subsubsection.1.1.2}{\376\377\000S\000z\000e\000n\000z\000o\000r\000\040\000k\000a\000t\000e\000g\000\363\000r\000i\000\341\000k}{subsection.1.1}% 4
\BOOKMARK [3][-]{subsubsection.1.1.3}{\376\377\000S\000z\000e\000n\000z\000o\000r\000o\000k\000\040\000h\000a\000s\000z\000n\000\341\000l\000a\000t\000i\000\040\000t\000e\000r\000\374\000l\000e\000t\000e\000i}{subsection.1.1}% 5
\BOOKMARK [3][-]{subsubsection.1.1.4}{\376\377\000S\000z\000e\000n\000z\000o\000r\000\040\000p\000r\000o\000b\000l\000\351\000m\000\341\000k}{subsection.1.1}% 6
\BOOKMARK [3][-]{subsubsection.1.1.5}{\376\377\000A\000k\000t\000u\000\341\000t\000o\000r\000\040\000d\000e\000f\000i\000n\000\355\000c\000i\000\363\000,\000\040\000p\000\351\000l\000d\000\341\000k}{subsection.1.1}% 7
\BOOKMARK [2][-]{subsection.1.2}{\376\377\000D\000A\000Q\000/\000T\000r\000a\000d\000\355\000c\000i\000o\000n\000\341\000l\000i\000s\000\040\000v\000e\000z\000\351\000r\000l\000\351\000s\000/\000D\000C\000S\000/\000S\000C\000A\000D\000A\000/\000M\000o\000n\000i\000t\000o\000r\000i\000n\000g\000/\000V\000e\000z\000\351\000r\000l\001\121\000r\000e\000n\000d\000s\000z\000e\000r\000e\000k}{section.1}% 8
\BOOKMARK [3][-]{subsubsection.1.2.1}{\376\377\000D\000I\000K\000W\000\040\000p\000i\000r\000a\000m\000i\000s}{subsection.1.2}% 9
\BOOKMARK [3][-]{subsubsection.1.2.2}{\376\377\000T\000r\000a\000d\000\355\000c\000i\000o\000n\000\341\000l\000i\000s\000\040\000v\000e\000z\000\351\000r\000l\000\351\000s\000i\000\040\000r\000e\000n\000d\000s\000z\000e\000r\000e\000k\000\040\000v\000s\000.\000\040\000E\000l\000o\000s\000z\000t\000o\000t\000t\000\040\000v\000e\000z\000\351\000r\000l\000\351\000s\000i\000\040\000r\000e\000n\000d\000s\000z\000e\000r\000e\000k\000\040\000\050\000D\000C\000S\000\051}{subsection.1.2}% 10
\BOOKMARK [3][-]{subsubsection.1.2.3}{\376\377\000D\000A\000Q\000\040\000r\000e\000n\000d\000s\000z\000e\000r\000\040\000e\000l\001\121\000n\000y\000\366\000k\000/\000h\000\341\000t\000r\000\341\000n\000y\000o\000k\000,\000\040\000a\000l\000k\000a\000l\000m\000a\000z\000\341\000s\000i\000\040\000t\000e\000r\000\374\000l\000e\000t\000e\000k}{subsection.1.2}% 11
\BOOKMARK [3][-]{subsubsection.1.2.4}{\376\377\000E\000l\000o\000s\000z\000t\000o\000t\000t\000\040\000v\000e\000z\000\351\000r\000l\000\351\000s\000i\000\040\000r\000e\000n\000d\000s\000z\000e\000r\000e\000k\000\040\000\050\000D\000C\000S\000\051}{subsection.1.2}% 12
\BOOKMARK [3][-]{subsubsection.1.2.5}{\376\377\000S\000C\000A\000D\000A\000\040\000r\000e\000n\000d\000s\000z\000e\000r}{subsection.1.2}% 13
\BOOKMARK [2][-]{subsection.1.3}{\376\377\000D\000A\000Q}{section.1}% 14
\BOOKMARK [3][-]{subsubsection.1.3.1}{\376\377\000D\000A\000Q\000\040\000r\000e\000n\000d\000s\000z\000e\000r\000\040\000k\000o\000m\000p\000o\000n\000e\000n\000s\000e\000i}{subsection.1.3}% 15
\BOOKMARK [3][-]{subsubsection.1.3.2}{\376\377\000D\000A\000Q\000\040\000a\000l\000k\000a\000l\000m\000a\000z\000\341\000s\000i\000\040\000t\000e\000r\000\374\000l\000e\000t\000e\000k}{subsection.1.3}% 16
\BOOKMARK [3][-]{subsubsection.1.3.3}{\376\377\000J\000e\000l\000k\000o\000n\000d\000\355\000c\000i\000o\000n\000\341\000l\000\341\000s}{subsection.1.3}% 17
\BOOKMARK [3][-]{subsubsection.1.3.4}{\376\377\000B\000e\000t\000e\000g\000m\000o\000n\000i\000t\000o\000r\000o\000z\000\363\000\040\000D\000A\000Q\000\040\000i\000n\000f\000r\000a\000s\000t\000r\000u\000k\000t\000\372\000r\000a}{subsection.1.3}% 18
\BOOKMARK [3][-]{subsubsection.1.3.5}{\376\377\000D\000A\000Q\000\040\000r\000e\000n\000d\000s\000z\000e\000r\000e\000k\000\040\000k\000i\000h\000\355\000v\000\341\000s\000a\000i}{subsection.1.3}% 19
\BOOKMARK [2][-]{subsection.1.4}{\376\377\000E\000l\000o\000s\000z\000t\000o\000t\000t\000\040\000v\000e\000z\000\351\000r\000l\000\351\000s\000i\000\040\000r\000e\000n\000d\000s\000z\000e\000r\000e\000k\000\040\000\050\000D\000C\000S\000\051}{section.1}% 20
\BOOKMARK [3][-]{subsubsection.1.4.1}{\376\377\000D\000C\000S\000\040\000a\000r\000c\000h\000i\000t\000e\000k\000t\000\372\000r\000a}{subsection.1.4}% 21
\BOOKMARK [3][-]{subsubsection.1.4.2}{\376\377\000D\000C\000S\000\040\000k\000o\000m\000p\000o\000n\000e\000n\000s\000e\000i}{subsection.1.4}% 22
\BOOKMARK [3][-]{subsubsection.1.4.3}{\376\377\000D\000C\000S\000\040\000e\000l\001\121\000n\000y\000\366\000k\000\040\000\351\000s\000\040\000h\000\341\000t\000r\000\341\000n\000y\000o\000k}{subsection.1.4}% 23
\BOOKMARK [3][-]{subsubsection.1.4.4}{\376\377\000D\000C\000S\000\040\000a\000l\000k\000a\000l\000m\000a\000z\000\341\000s\000i\000\040\000t\000e\000r\000\374\000l\000e\000t\000e\000k}{subsection.1.4}% 24
\BOOKMARK [2][-]{subsection.1.5}{\376\377\000S\000u\000p\000e\000r\000v\000i\000s\000o\000r\000y\000\040\000c\000o\000n\000t\000r\000o\000l\000\040\000a\000n\000d\000\040\000d\000a\000t\000a\000\040\000a\000c\000q\000u\000i\000s\000i\000t\000i\000o\000n\000\040\000-\000\040\000S\000C\000A\000D\000A}{section.1}% 25
\BOOKMARK [3][-]{subsubsection.1.5.1}{\376\377\000S\000C\000A\000D\000A\000\040\000a\000r\000c\000h\000i\000t\000e\000k\000t\000\372\000r\000a\000,\000\040\000k\000o\000m\000p\000o\000n\000e\000n\000s\000e\000i}{subsection.1.5}% 26
\BOOKMARK [3][-]{subsubsection.1.5.2}{\376\377\000S\000C\000A\000D\000A\000\040\000e\000l\001\121\000n\000y\000\366\000k\000/\000h\000\341\000t\000r\000\341\000n\000y\000o\000k}{subsection.1.5}% 27
\BOOKMARK [3][-]{subsubsection.1.5.3}{\376\377\000S\000C\000A\000D\000A\000\040\000a\000l\000k\000a\000l\000m\000a\000z\000\341\000s\000i\000\040\000t\000e\000r\000\374\000l\000e\000t\000e\000k}{subsection.1.5}% 28
\BOOKMARK [3][-]{subsubsection.1.5.4}{\376\377\000S\000C\000A\000D\000A\000\040\000f\000u\000n\000k\000c\000i\000\363\000i}{subsection.1.5}% 29
\BOOKMARK [3][-]{subsubsection.1.5.5}{\376\377\000B\000a\000s\000i\000c\000\040\000S\000C\000A\000D\000A\000\040\000v\000s\000.\000\040\000I\000n\000t\000e\000g\000r\000a\000t\000e\000d\000\040\000S\000C\000A\000D\000A\000\040\000v\000s\000.\000\040\000N\000e\000t\000w\000o\000r\000k\000e\000d\000\040\000S\000C\000A\000D\000A}{subsection.1.5}% 30
\BOOKMARK [2][-]{subsection.1.6}{\376\377\000B\000i\000o\000j\000e\000l\000-\000g\000y\001\161\000j\000t\000\351\000s\000\040\000\050\000B\000i\000o\000s\000i\000g\000n\000a\000l\000\040\000a\000c\000q\000u\000i\000s\000i\000t\000i\000o\000n\000\051}{section.1}% 31
\BOOKMARK [3][-]{subsubsection.1.6.1}{\376\377\000S\000z\000e\000n\000z\000o\000r\000a\000d\000a\000t\000\040\000k\000e\000z\000e\000l\000\351\000s\000i\000\040\000f\000o\000l\000y\000a\000m\000a\000t}{subsection.1.6}% 32
\BOOKMARK [3][-]{subsubsection.1.6.2}{\376\377\000M\000\351\000r\000\351\000s\000i\000\040\000h\000i\000b\000\341\000k\000\040\000\050\000t\000\355\000p\000u\000s\000o\000k\000/\000f\000o\000r\000r\000\341\000s\000o\000k\000\051}{subsection.1.6}% 33
\BOOKMARK [3][-]{subsubsection.1.6.3}{\376\377\000E\000g\000y\000e\000t\000l\000e\000n\000\040\000v\000s\000.\000\040\000t\000\366\000b\000b\000\040\000s\000z\000e\000n\000z\000o\000r\000o\000s\000\040\000m\000\351\000r\000\351\000s\000i\000\040\000p\000r\000o\000b\000l\000\351\000m\000\341\000k}{subsection.1.6}% 34
\BOOKMARK [3][-]{subsubsection.1.6.4}{\376\377\000M\000\351\000r\000n\000\366\000k\000i\000\040\000k\000i\000h\000\355\000v\000\341\000s\000o\000k\000\040\000a\000\040\000n\000a\000g\000y\000m\000e\000n\000n\000y\000i\000s\000\351\000g\001\161\000\040\000a\000d\000a\000t\000g\000y\001\161\000j\000t\000\351\000s\000n\000\351\000l}{subsection.1.6}% 35
\BOOKMARK [1][-]{section.2}{\376\377\000T\000\351\000m\000a\000\040\0001}{}% 36
\BOOKMARK [2][-]{subsection.2.1}{\376\377\000S\000z\000e\000n\000z\000o\000r\000/\000\351\000r\000z\000\351\000k\000e\000l\001\121}{section.2}% 37
\BOOKMARK [2][-]{subsection.2.2}{\376\377\000A\000d\000a\000t\000-\000I\000n\000f\000o\000r\000m\000\341\000c\000i\000\363\000-\000I\000s\000m\000e\000r\000e\000t\000-\000T\000u\000d\000\341\000s\000\040\000p\000i\000r\000a\000m\000i\000s}{section.2}% 38
\BOOKMARK [2][-]{subsection.2.3}{\376\377\000D\000a\000t\000a\000\040\000A\000c\000q\000u\000i\000s\000i\000t\000i\000o\000n\000\040\000-\000\040\000D\000A\000Q\000\040\000r\000e\000n\000d\000s\000z\000e\000r\000e\000k}{section.2}% 39
\BOOKMARK [2][-]{subsection.2.4}{\376\377\000J\000\341\000r\000u\000l\000\351\000k\000o\000s\000\040\000h\000a\000r\000d\000v\000e\000r\000\040\000e\000s\000z\000k\000\366\000z\000\366\000k}{section.2}% 40
\BOOKMARK [2][-]{subsection.2.5}{\376\377\000R\000e\000n\000d\000s\000z\000e\000r\000i\000r\000\341\000n\000y\000\355\000t\000\363\000\040\000r\000e\000n\000d\000s\000z\000e\000r\000e\000k}{section.2}% 41
\BOOKMARK [3][-]{subsubsection.2.5.1}{\376\377\000D\000i\000s\000t\000r\000i\000b\000u\000t\000e\000d\000\040\000C\000o\000n\000t\000r\000o\000l\000\040\000S\000y\000s\000t\000e\000m\000\040\000-\000\040\000D\000C\000S}{subsection.2.5}% 42
\BOOKMARK [3][-]{subsubsection.2.5.2}{\376\377\000S\000u\000p\000e\000r\000v\000i\000s\000o\000r\000y\000\040\000C\000o\000n\000t\000r\000o\000l\000\040\000a\000n\000d\000\040\000D\000a\000t\000a\000\040\000A\000c\000q\000u\000i\000s\000i\000t\000i\000o\000n\000\040\000-\000\040\000S\000C\000A\000D\000A}{subsection.2.5}% 43
\BOOKMARK [3][-]{subsubsection.2.5.3}{\376\377\000S\000C\000A\000D\000A\000\040\000r\000e\000n\000d\000s\000z\000e\000r\000\040\000g\000e\000n\000e\000r\000\341\000c\000i\000\363\000k}{subsection.2.5}% 44
\BOOKMARK [3][-]{subsubsection.2.5.4}{\376\377\000S\000C\000A\000D\000A\000\040\000r\000e\000n\000d\000s\000z\000e\000r\000\040\000\341\000l\000t\000a\000l\000\341\000n\000o\000s\000\040\000b\000e\000l\000s\001\121\000\040\000a\000r\000c\000h\000i\000t\000e\000k\000t\000\372\000r\000\341\000j\000a}{subsection.2.5}% 45
\BOOKMARK [3][-]{subsubsection.2.5.5}{\376\377\000A\000\040\000S\000C\000A\000D\000A\000\040\000r\000e\000n\000d\000s\000z\000e\000r\000e\000k\000\040\000f\001\121\000b\000b\000\040\000f\000u\000n\000k\000c\000i\000\363\000i}{subsection.2.5}% 46
\BOOKMARK [2][-]{subsection.2.6}{\376\377\000P\000\351\000l\000d\000\341\000k\000\040\000a\000\040\000t\000\341\000v\000o\000l\000i\000\040\000a\000d\000a\000t\000g\000y\001\161\000j\000t\000\351\000s\000r\000e}{section.2}% 47
\BOOKMARK [3][-]{subsubsection.2.6.1}{\376\377\000T\000\341\000v\000o\000l\000\363\000\040\000a\000d\000a\000t\000g\000y\001\161\000j\000t\001\121\000\040\000r\000e\000n\000d\000s\000z\000e\000r\000e\000k\000\040\000\341\000l\000t\000a\000l\000\341\000n\000o\000s\000\040\000m\001\161\000k\000\366\000d\000\351\000s\000e}{subsection.2.6}% 48
\BOOKMARK [2][-]{subsection.2.7}{\376\377\000\301\000l\000t\000a\000l\000\341\000n\000o\000s\000\040\000p\000\341\000c\000i\000e\000n\000s\000\040\000m\000o\000n\000i\000t\000o\000r\000o\000z\000\363\000\040\000D\000A\000Q\000\040\000a\000r\000c\000h\000i\000t\000e\000k\000t\000\372\000r\000a}{section.2}% 49
\BOOKMARK [2][-]{subsection.2.8}{\376\377\000\311\000l\000e\000t\000t\000a\000n\000i\000\040\000p\000a\000r\000a\000m\000\351\000t\000e\000r\000e\000k\000\040\000m\000o\000n\000i\000t\000o\000r\000o\000z\000\341\000s\000a\000\040\000e\000x\000t\000r\000\351\000m\000\040\000k\000\366\000r\000\374\000l\000m\000\351\000n\000y\000e\000k\000\040\000k\000\366\000z\000\366\000t\000t}{section.2}% 50
\BOOKMARK [2][-]{subsection.2.9}{\376\377\000\334\000z\000e\000m\000e\000l\000t\000e\000t\000\351\000s\000i\000\040\000\351\000s\000\040\000t\000\341\000v\000f\000e\000l\000\374\000g\000y\000e\000l\000e\000t\000i\000\040\000r\000e\000n\000d\000s\000z\000e\000r}{section.2}% 51
\BOOKMARK [1][-]{section.3}{\376\377\000T\000\351\000m\000a\000\040\0002}{}% 52
\BOOKMARK [2][-]{subsection.3.1}{\376\377\000S\000z\000e\000n\000z\000o\000r\000j\000e\000l\000e\000k\000\040\000f\000e\000l\000d\000o\000l\000g\000o\000z\000\341\000s\000a}{section.3}% 53
\BOOKMARK [2][-]{subsection.3.2}{\376\377\000\311\000l\000e\000t\000t\000a\000n\000i\000\040\000p\000a\000r\000a\000m\000\351\000t\000e\000r\000e\000k\000\040\000\050\000t\000\355\000p\000u\000s\000o\000k\000\051}{section.3}% 54
\BOOKMARK [3][-]{subsubsection.3.2.1}{\376\377\000O\000r\000g\000a\000n\000i\000z\000m\000u\000s\000\040\000m\000\351\000r\000h\000e\000t\001\121\000\040\000p\000a\000r\000a\000m\000\351\000t\000e\000r\000e\000i}{subsection.3.2}% 55
\BOOKMARK [2][-]{subsection.3.3}{\376\377\000S\000z\000e\000n\000z\000o\000r\000a\000d\000a\000t\000\040\000k\000e\000z\000e\000l\000\351\000s}{section.3}% 56
\BOOKMARK [2][-]{subsection.3.4}{\376\377\000M\000\351\000r\000t\000\040\000\351\000l\000e\000t\000t\000a\000n\000i\000\040\000p\000a\000r\000a\000m\000\351\000t\000e\000r\000e\000k}{section.3}% 57
\BOOKMARK [2][-]{subsection.3.5}{\376\377\000M\000\351\000r\000\351\000s\000i\000\040\000h\000i\000b\000\341\000k}{section.3}% 58
\BOOKMARK [2][-]{subsection.3.6}{\376\377\000T\000\341\000v\000o\000l\000i\000\040\000s\000z\000e\000n\000z\000o\000r\000\040\000a\000d\000a\000t}{section.3}% 59
\BOOKMARK [2][-]{subsection.3.7}{\376\377\000E\000g\000y\000e\000t\000l\000e\000n\000\040\000v\000s\000.\000\040\000t\000\366\000b\000b\000\040\000s\000z\000e\000n\000z\000o\000r\000o\000s\000\040\000m\000\351\000r\000\351\000s\000e\000k}{section.3}% 60
\BOOKMARK [2][-]{subsection.3.8}{\376\377\000M\000\351\000r\000n\000\366\000k\000i\000\040\000k\000i\000h\000\355\000v\000\341\000s\000o\000k\000\040\000a\000\040\000n\000a\000g\000y\000m\000e\000n\000n\000y\000i\000s\000\351\000g\001\161\000\040\000a\000d\000a\000t\000g\000y\001\161\000j\000t\000\351\000s\000n\000\351\000l}{section.3}% 61
\BOOKMARK [2][-]{subsection.3.9}{\376\377\000B\000i\000o\000l\000\363\000g\000i\000a\000i\000\040\000j\000e\000l\000l\000e\000m\000z\001\121\000k\000\040\000\351\000s\000\040\000m\000\351\000r\000\351\000s\000\374\000k}{section.3}% 62
\BOOKMARK [2][-]{subsection.3.10}{\376\377\000V\000\351\000r\000n\000y\000o\000m\000\341\000s}{section.3}% 63
\BOOKMARK [2][-]{subsection.3.11}{\376\377\000V\000\351\000r\000n\000y\000o\000m\000\341\000s\000m\000\351\000r\000\351\000s}{section.3}% 64
\BOOKMARK [2][-]{subsection.3.12}{\376\377\000H\000u\000m\000\341\000n\000\040\000k\000e\000r\000i\000n\000g\000\351\000s\000i\000\040\000r\000e\000n\000d\000s\000z\000e\000r}{section.3}% 65
\BOOKMARK [2][-]{subsection.3.13}{\376\377\000S\000z\000\355\000v\000v\000e\000r\000\351\000s\000\040\000-\000\040\000s\000z\000i\000s\000z\000t\000o\000l\000\351\000\040\000\351\000s\000\040\000d\000i\000a\000s\000z\000t\000o\000l\000\351}{section.3}% 66
\BOOKMARK [2][-]{subsection.3.14}{\376\377\000V\000\351\000r\000n\000y\000o\000m\000\341\000s\000\351\000r\000t\000\351\000k\000e\000k}{section.3}% 67
\BOOKMARK [2][-]{subsection.3.15}{\376\377\000A\000\040\000s\000z\000\355\000v\000m\001\161\000k\000\366\000d\000\351\000s\000\040\000j\000e\000l\000l\000e\000m\000z\001\121\000\040\000j\000e\000l\000e\000i}{section.3}% 68
\BOOKMARK [2][-]{subsection.3.16}{\376\377\000N\000a\000g\000y\000v\000\351\000r\000k\000\366\000r\000i\000\040\000n\000y\000o\000m\000\341\000s\000\351\000r\000t\000\351\000k\000e\000k}{section.3}% 69
\BOOKMARK [2][-]{subsection.3.17}{\376\377\000A\000\040\000k\000e\000r\000i\000n\000g\000\351\000s\000i\000\040\000r\000e\000n\000d\000s\000z\000e\000r\000\040\000e\000g\000y\000s\000z\000e\000r\001\161\000s\000\355\000t\000e\000t\000t\000\040\000m\000o\000d\000e\000l\000l\000j\000e}{section.3}% 70
\BOOKMARK [2][-]{subsection.3.18}{\376\377\000M\000\351\000r\000\351\000s\000e\000k\000\040\000p\000o\000n\000t\000o\000s\000s\000\341\000g\000a}{section.3}% 71
\BOOKMARK [2][-]{subsection.3.19}{\376\377\000M\000\351\000r\000\351\000s\000i\000\040\000m\000e\000g\000o\000l\000d\000\341\000s\000o\000k\000/\000e\000l\000v\000e\000k\000\040\000\050\000n\000e\000m\000\040\000i\000n\000v\000a\000z\000\355\000v\000\051}{section.3}% 72
\BOOKMARK [2][-]{subsection.3.20}{\376\377\000O\000s\000z\000c\000i\000l\000l\000o\000m\000e\000t\000r\000i\000\341\000s\000\040\000v\000\351\000r\000n\000y\000o\000m\000\341\000s\000m\000\351\000r\001\121\000\040\000e\000l\000v\000i\000\040\000f\000e\000l\000\351\000p\000\355\000t\000\351\000s\000e}{section.3}% 73
\BOOKMARK [3][-]{subsubsection.3.20.1}{\376\377\000A\000\040\000n\000y\000o\000m\000\341\000s\000m\000\351\000r\001\121\000\040\000r\000\351\000s\000z\000\040\000b\000l\000o\000k\000k\000v\000\341\000z\000l\000a\000t\000a\000\040\000\050\000o\000s\000z\000c\000i\000l\000l\000o\000m\000e\000t\000r\000i\000\341\000s\000\051}{subsection.3.20}% 74
\BOOKMARK [3][-]{subsubsection.3.20.2}{\376\377\000A\000\040\000n\000y\000o\000m\000\341\000s\000m\000\351\000r\001\121\000\040\000r\000\351\000s\000z\000\040\000a\000l\000u\000l\000\341\000t\000e\000r\000e\000s\000z\000t\001\121\000s\000\040\000e\000r\001\121\000s\000\355\000t\001\121\000j\000\351\000n\000e\000k\000\040\000m\000e\000g\000v\000a\000l\000\363\000s\000\355\000t\000\341\000s\000a}{subsection.3.20}% 75
\BOOKMARK [2][-]{subsection.3.21}{\376\377\000M\000\351\000r\000\351\000s\000i\000\040\000m\000e\000g\000o\000l\000d\000\341\000s\000o\000k\000/\000e\000l\000v\000e\000k\000\040\000\050\000n\000e\000m\000\040\000i\000n\000v\000a\000z\000\355\000v\000\051}{section.3}% 76
\BOOKMARK [2][-]{subsection.3.22}{\376\377\000V\000\351\000r\000n\000y\000o\000m\000\341\000s\000m\000\351\000r\001\121\000k\000\040\000a\000\040\000g\000y\000a\000k\000o\000r\000l\000a\000t\000b\000a\000n}{section.3}% 77
\BOOKMARK [3][-]{subsubsection.3.22.1}{\376\377\000A\000B\000P\000M\000\040\000-\000\040\000v\000\351\000r\000n\000y\000o\000m\000\341\000s\000\040\000H\000o\000l\000t\000e\000r}{subsection.3.22}% 78
\BOOKMARK [3][-]{subsubsection.3.22.2}{\376\377\000V\000\351\000r\000n\000y\000o\000m\000\341\000s\000m\000\351\000r\000\351\000s\000t\000\040\000b\000e\000f\000o\000l\000y\000\341\000s\000o\000l\000\363\000\040\000t\000\351\000n\000y\000e\000z\001\121\000k}{subsection.3.22}% 79
\BOOKMARK [3][-]{subsubsection.3.22.3}{\376\377\000I\000n\000v\000a\000z\000\355\000v\000\040\000v\000\351\000r\000n\000y\000o\000m\000\341\000s\000m\000\351\000r\000\351\000s}{subsection.3.22}% 80
\BOOKMARK [3][-]{subsubsection.3.22.4}{\376\377\000V\000\351\000r\000\040\000\366\000s\000s\000z\000e\000t\000e\000v\001\121\000k\000\040\000m\000\351\000r\000\351\000s\000e}{subsection.3.22}% 81
\BOOKMARK [3][-]{subsubsection.3.22.5}{\376\377\000V\000\351\000r\000c\000u\000k\000o\000r}{subsection.3.22}% 82
\BOOKMARK [2][-]{subsection.3.23}{\376\377\000I\000n\000z\000u\000l\000i\000n\000\040\000p\000r\000o\000b\000l\000\351\000m\000\341\000k}{section.3}% 83
\BOOKMARK [2][-]{subsection.3.24}{\376\377\000C\000u\000k\000o\000r\000b\000e\000t\000e\000g\000s\000\351\000g}{section.3}% 84
\BOOKMARK [2][-]{subsection.3.25}{\376\377\000V\000\351\000r\000c\000u\000k\000o\000r\000s\000z\000i\000n\000t}{section.3}% 85
\BOOKMARK [2][-]{subsection.3.26}{\376\377\000V\000\351\000r\000c\000u\000k\000o\000r\000m\000\351\000r\000\351\000s\000\040\000g\000y\000a\000k\000o\000r\000i\000s\000\341\000g\000a}{section.3}% 86
\BOOKMARK [2][-]{subsection.3.27}{\376\377\000V\000\351\000r\000c\000u\000k\000o\000r\000m\000\351\000r\000\351\000s}{section.3}% 87
\BOOKMARK [2][-]{subsection.3.28}{\376\377\000H\000\341\000t\000r\000\341\000n\000y\000o\000k}{section.3}% 88
\BOOKMARK [2][-]{subsection.3.29}{\376\377\000C\000G\000M\000\040\000-\000\040\000F\000o\000l\000y\000a\000m\000a\000t\000o\000s\000\040\000v\000\351\000r\000c\000u\000k\000o\000r\000m\000o\000n\000i\000t\000o\000r\000o\000z\000\341\000s\000\040\000n\000a\000p\000j\000a\000i\000n\000k\000b\000a\000n}{section.3}% 89
\BOOKMARK [2][-]{subsection.3.30}{\376\377\000I\000n\000z\000u\000l\000i\000n}{section.3}% 90
\BOOKMARK [3][-]{subsubsection.3.30.1}{\376\377\000I\000n\000z\000u\000l\000i\000n\000\040\000b\000e\000a\000d\000\341\000s\000a}{subsection.3.30}% 91
\BOOKMARK [3][-]{subsubsection.3.30.2}{\376\377\000I\000n\000z\000u\000l\000i\000n\000\040\000a\000d\000a\000g\000o\000l\000\363\000k\000\040\000n\000a\000p\000j\000a\000i\000n\000k\000b\000a\000n}{subsection.3.30}% 92
\BOOKMARK [3][-]{subsubsection.3.30.3}{\376\377\000A\000u\000t\000o\000-\000i\000n\000j\000e\000c\000t\000o\000r\000\040\000m\000e\000g\000o\000l\000d\000\341\000s\000\040\000b\000e\000l\000s\001\121\000\040\000r\000\351\000s\000z\000e\000i}{subsection.3.30}% 93
\BOOKMARK [3][-]{subsubsection.3.30.4}{\376\377\000C\000G\000M\000\040\000+\000\040\000i\000n\000z\000u\000l\000i\000n\000p\000u\000m\000p\000a}{subsection.3.30}% 94
\BOOKMARK [3][-]{subsubsection.3.30.5}{\376\377\000K\000o\000l\000e\000s\000z\000t\000e\000r\000i\000n\000\040\000\050\000L\000D\000L\000/\000H\000D\000L\000\051\000,\000\040\000l\000a\000k\000t\000\341\000t\000,\000\040\000h\000e\000m\000o\000g\000l\000o\000b\000i\000n\000,\000t\000r\000i\000g\000l\000i\000c\000e\000r\000i\000d\000\040\000m\000\351\000r\000\351\000s}{subsection.3.30}% 95
\BOOKMARK [2][-]{subsection.3.31}{\376\377\000G\000y\000\363\000g\000y\000s\000z\000e\000r\000s\000z\000e\000d\000\351\000s}{section.3}% 96
\BOOKMARK [2][-]{subsection.3.32}{\376\377\000E\000v\000o\000l\000\372\000c\000i\000\363}{section.3}% 97
\BOOKMARK [2][-]{subsection.3.33}{\376\377\000D\000e\000f\000i\000b\000r\000i\000l\000l\000\341\000t\000o\000r\000o\000k\000\040\000\351\000s\000\040\000p\000a\000c\000e\000m\000a\000k\000e\000r\000-\000e\000k}{section.3}% 98
\BOOKMARK [2][-]{subsection.3.34}{\376\377\000A\000z\000\040\000e\000m\000b\000e\000r\000i\000\040\000l\000\351\000g\000z\000\351\000s\000\040\000m\000o\000n\000i\000t\000o\000r\000o\000z\000\341\000s\000a}{section.3}% 99
\BOOKMARK [3][-]{subsubsection.3.34.1}{\376\377\000P\000u\000l\000z\000o\000x\000i\000m\000e\000t\000r\000i\000a}{subsection.3.34}% 100
\BOOKMARK [3][-]{subsubsection.3.34.2}{\376\377\000K\000\374\000l\000s\001\121\000\040\000l\000\351\000g\000z\000\351\000s\000t\000\040\000m\000o\000n\000i\000t\000o\000r\000o\000z\000\363\000\040\000e\000s\000z\000k\000\366\000z\000\366\000k}{subsection.3.34}% 101
\BOOKMARK [2][-]{subsection.3.35}{\376\377\000M\000o\000z\000g\000\341\000s\000m\000o\000n\000i\000t\000o\000r\000o\000z\000\341\000s\000\040\000v\000s\000.\000\040\000m\000o\000z\000d\000u\000l\000a\000t\000m\000o\000n\000i\000t\000o\000r\000o\000z\000\341\000s}{section.3}% 102
\BOOKMARK [2][-]{subsection.3.36}{\376\377\000M\000o\000z\000d\000u\000l\000a\000t\000\040\000\351\000s\000\040\000m\000o\000z\000g\000\341\000s\000m\000o\000n\000i\000t\000o\000r\000o\000z\000\363\000\040\000r\000e\000n\000d\000s\000z\000e\000r\000e\000k}{section.3}% 103
\BOOKMARK [2][-]{subsection.3.37}{\376\377\000S\000z\000e\000m\000\351\000l\000y\000i\000\040\000m\000o\000z\000g\000\341\000s\000m\000e\000n\000n\000y\000i\000s\000\351\000g\000\040\000m\000\351\000r\001\121}{section.3}% 104
\BOOKMARK [2][-]{subsection.3.38}{\376\377\000M\000o\000z\000g\000\341\000s\000m\000e\000n\000n\000y\000i\000s\000\351\000g\000\040\000f\000i\000g\000y\000e\000l\000\351\000s\000\040\000\050\000\351\000l\000e\000t\000v\000i\000t\000e\000l\000i\000\040\000m\000i\000n\000t\000\341\000k\000\051}{section.3}% 105
\BOOKMARK [2][-]{subsection.3.39}{\376\377\000M\000o\000z\000d\000u\000l\000a\000t\000\040\000m\000o\000n\000i\000t\000o\000r\000o\000z\000\341\000s}{section.3}% 106
\BOOKMARK [2][-]{subsection.3.40}{\376\377\000A\000\040\000m\000o\000n\000i\000t\000o\000r\000o\000z\000\341\000s\000\040\000e\000r\000e\000d\000m\000\351\000n\000y\000e\000i\000n\000e\000k\000\040\000f\000e\000l\000h\000a\000s\000z\000n\000\341\000l\000\341\000s\000i\000\040\000t\000e\000r\000\374\000l\000e\000t\000e\000i}{section.3}% 107
\BOOKMARK [2][-]{subsection.3.41}{\376\377\000M\000e\000g\000o\000l\000d\000\341\000s\000i\000\040\000a\000l\000t\000e\000r\000n\000a\000t\000\355\000v\000\341\000k}{section.3}% 108
\BOOKMARK [2][-]{subsection.3.42}{\376\377\000M\000o\000z\000g\000\341\000s\000m\000o\000n\000i\000t\000o\000r\000o\000z\000\341\000s\000\040\000-\000\040\000c\000\351\000l\000h\000a\000r\000d\000v\000e\000r\000e\000k}{section.3}% 109
\BOOKMARK [2][-]{subsection.3.43}{\376\377\000E\000s\000z\000k\000\366\000z\000\366\000k}{section.3}% 110
\BOOKMARK [2][-]{subsection.3.44}{\376\377\000M\000o\000z\000d\000u\000l\000a\000t\000k\000\366\000v\000e\000t\000\351\000s\000\040\000a\000\040\000g\000y\000a\000k\000o\000r\000l\000a\000t\000b\000a\000n\000\040\000\050\000h\000a\000r\000d\000v\000e\000r\000\040\000\351\000s\000\040\000e\000s\000z\000k\000\366\000z\000\051}{section.3}% 111
\BOOKMARK [2][-]{subsection.3.45}{\376\377\000S\000z\000o\000f\000t\000v\000e\000r\000\040\000k\000\351\000p\000e\000s\000s\000\351\000g\000e\000k}{section.3}% 112
\BOOKMARK [1][-]{section.4}{\376\377\000T\000\351\000m\000a\000\040\0004}{}% 113
\BOOKMARK [2][-]{subsection.4.1}{\376\377\000E\000l\000e\000k\000t\000r\000o\000m\000o\000s\000\040\000j\000e\000l\000e\000k\000\040\000g\000y\001\161\000j\000t\000\351\000s\000e\000\040\000a\000\040\000t\000e\000s\000t\000b\001\121\000l\000/\000r\001\121\000l}{section.4}% 114
\BOOKMARK [2][-]{subsection.4.2}{\376\377\000E\000l\000e\000k\000t\000r\000o\000k\000a\000r\000d\000i\000o\000g\000r\000\341\000f\000\040\000\050\000E\000K\000G\000\051}{section.4}% 115
\BOOKMARK [2][-]{subsection.4.3}{\376\377\000E\000K\000G}{section.4}% 116
\BOOKMARK [2][-]{subsection.4.4}{\376\377\000E\000K\000G\000\040\000b\000e\000m\000e\000n\000e\000t\000\040\000f\000u\000n\000k\000c\000i\000o\000n\000\341\000l\000i\000s\000\040\000f\000e\000l\000\351\000p\000\355\000t\000\351\000s\000e}{section.4}% 117
\BOOKMARK [2][-]{subsection.4.5}{\376\377\000E\000K\000G\000\040\000g\000\366\000r\000b\000e}{section.4}% 118
\BOOKMARK [2][-]{subsection.4.6}{\376\377\000E\000K\000G\000\040\000m\000\351\000r\000\351\000s\000\040\000r\000\351\000g\000e\000n\000\040\000\351\000s\000\040\000m\000a}{section.4}% 119
\BOOKMARK [2][-]{subsection.4.7}{\376\377\0001\0002\000\040\000e\000l\000v\000e\000z\000e\000t\000\351\000s\000e\000s\000\040\000E\000K\000G\000\040\040\023\000\040\000k\000\363\000r\000h\000\341\000z\000i\000\040\000h\000a\000s\000z\000n\000\341\000l\000a\000t}{section.4}% 120
\BOOKMARK [2][-]{subsection.4.8}{\376\377\000M\000o\000b\000i\000l\000\040\000E\000K\000G\000\040\000r\000e\000n\000d\000s\000z\000e\000r\000e\000k\000\040\000a\000\040\000g\000y\000a\000k\000o\000r\000l\000a\000t\000b\000a\000n}{section.4}% 121
\BOOKMARK [2][-]{subsection.4.9}{\376\377\000E\000K\000G\000\040\000m\000o\000n\000i\000t\000o\000r\000o\000k}{section.4}% 122
\BOOKMARK [2][-]{subsection.4.10}{\376\377\000M\000o\000b\000i\000l\000\040\000-\000\040\000v\000i\000s\000e\000l\000h\000e\000t\001\121\000\040\000E\000K\000G\000\040\000m\000o\000n\000i\000t\000o\000r\000o\000k}{section.4}% 123
\BOOKMARK [2][-]{subsection.4.11}{\376\377\000S\000z\000\355\000v\000r\000i\000t\000m\000u\000s\000s\000z\000a\000b\000\341\000l\000y\000z\000\363\000k\000,\000\040\000p\000a\000c\000e\000m\000a\000k\000e\000r\000e\000k}{section.4}% 124
\BOOKMARK [2][-]{subsection.4.12}{\376\377\000K\000i\000n\000e\000k\000\040\000v\000a\000n\000\040\000s\000z\000\374\000k\000s\000\351\000g\000e\000\040\000p\000a\000c\000e\000m\000a\000k\000e\000r\000r\000e\000?}{section.4}% 125
\BOOKMARK [2][-]{subsection.4.13}{\376\377\000H\000o\000g\000y\000a\000n\000\040\000m\001\161\000k\000\366\000d\000i\000k\000\040\000a\000\040\000p\000a\000c\000e\000m\000a\000k\000e\000r\000?}{section.4}% 126
\BOOKMARK [2][-]{subsection.4.14}{\376\377\000P\000a\000c\000e\000m\000a\000k\000e\000r\000t\000\355\000p\000u\000s\000o\000k}{section.4}% 127
\BOOKMARK [2][-]{subsection.4.15}{\376\377\000E\000g\000y\000e\000l\000e\000k\000t\000r\000\363\000d\000\341\000s\000\040\000p\000a\000c\000e\000m\000a\000k\000e\000r}{section.4}% 128
\BOOKMARK [2][-]{subsection.4.16}{\376\377\000P\000i\000t\000v\000a\000r\000-\000k\000a\000m\000r\000a\000i\000\040\000p\000a\000c\000e\000m\000a\000k\000e\000r}{section.4}% 129
\BOOKMARK [2][-]{subsection.4.17}{\376\377\000B\000i\000v\000e\000n\000t\000r\000i\000c\000u\000l\000a\000r\000i\000s\000\040\000p\000a\000c\000e\000m\000a\000k\000e\000r}{section.4}% 130
\BOOKMARK [2][-]{subsection.4.18}{\376\377\000A\000\040\000b\000e\000\374\000l\000t\000e\000t\000\351\000s\000r\001\121\000l}{section.4}% 131
\BOOKMARK [2][-]{subsection.4.19}{\376\377\000A\000\040\000s\000z\000\355\000v\000\040\000e\000l\000e\000k\000t\000r\000o\000f\000i\000z\000i\000o\000l\000\363\000g\000i\000\341\000s\000\040\000v\000i\000z\000s\000g\000\341\000l\000a\000t\000a\000\040\000d\000i\000a\000g\000n\000o\000s\000z\000t\000i\000k\000a\000i\000\040\000k\000a\000t\000\351\000t\000e\000r\000r\000e\000l}{section.4}% 132
